<?xml version="1.0" encoding="UTF-8"?>
<coverage generated="1624882163521" clover="3.2.0">
  <project timestamp="1624882163521" name="All files">
    <metrics statements="270" coveredstatements="181" conditionals="88" coveredconditionals="34" methods="56" coveredmethods="35" elements="414" coveredelements="250" complexity="0" loc="270" ncloc="270" packages="9" files="11" classes="11"/>
    <package name="src">
      <metrics statements="3" coveredstatements="0" conditionals="2" coveredconditionals="0" methods="0" coveredmethods="0"/>
      <file name="index.ts" path="/home/divine/Documents/projects/hardocs/hardocs-fs/src/index.ts">
        <metrics statements="3" coveredstatements="0" conditionals="2" coveredconditionals="0" methods="0" coveredmethods="0"/>
        <line num="1" count="0" type="stmt"/>
        <line num="3" count="0" type="cond" truecount="0" falsecount="2"/>
        <line num="7" count="0" type="stmt"/>
      </file>
    </package>
    <package name="src.modules">
      <metrics statements="4" coveredstatements="0" conditionals="0" coveredconditionals="0" methods="4" coveredmethods="0"/>
      <file name="index.ts" path="/home/divine/Documents/projects/hardocs/hardocs-fs/src/modules/index.ts">
        <metrics statements="4" coveredstatements="0" conditionals="0" coveredconditionals="0" methods="4" coveredmethods="0"/>
        <line num="1" count="0" type="stmt"/>
        <line num="2" count="0" type="stmt"/>
        <line num="3" count="0" type="stmt"/>
        <line num="6" count="0" type="stmt"/>
      </file>
    </package>
    <package name="src.modules.cwd">
      <metrics statements="18" coveredstatements="16" conditionals="6" coveredconditionals="3" methods="4" coveredmethods="4"/>
      <file name="index.ts" path="/home/divine/Documents/projects/hardocs/hardocs-fs/src/modules/cwd/index.ts">
        <metrics statements="18" coveredstatements="16" conditionals="6" coveredconditionals="3" methods="4" coveredmethods="4"/>
        <line num="1" count="3" type="stmt"/>
        <line num="2" count="3" type="stmt"/>
        <line num="4" count="3" type="stmt"/>
        <line num="6" count="3" type="stmt"/>
        <line num="7" count="1" type="cond" truecount="1" falsecount="1"/>
        <line num="8" count="1" type="stmt"/>
        <line num="9" count="1" type="cond" truecount="1" falsecount="1"/>
        <line num="10" count="0" type="stmt"/>
        <line num="12" count="1" type="stmt"/>
        <line num="15" count="3" type="stmt"/>
        <line num="16" count="2" type="stmt"/>
        <line num="17" count="1" type="stmt"/>
        <line num="18" count="1" type="stmt"/>
        <line num="20" count="1" type="cond" truecount="1" falsecount="1"/>
        <line num="21" count="1" type="stmt"/>
        <line num="22" count="1" type="stmt"/>
        <line num="23" count="1" type="stmt"/>
        <line num="25" count="0" type="stmt"/>
      </file>
    </package>
    <package name="src.modules.file">
      <metrics statements="84" coveredstatements="51" conditionals="26" coveredconditionals="8" methods="17" coveredmethods="9"/>
      <file name="index.ts" path="/home/divine/Documents/projects/hardocs/hardocs-fs/src/modules/file/index.ts">
        <metrics statements="84" coveredstatements="51" conditionals="26" coveredconditionals="8" methods="17" coveredmethods="9"/>
        <line num="1" count="2" type="stmt"/>
        <line num="2" count="2" type="stmt"/>
        <line num="4" count="2" type="stmt"/>
        <line num="5" count="2" type="stmt"/>
        <line num="6" count="2" type="stmt"/>
        <line num="10" count="2" type="stmt"/>
        <line num="11" count="2" type="stmt"/>
        <line num="12" count="2" type="cond" truecount="1" falsecount="1"/>
        <line num="13" count="0" type="stmt"/>
        <line num="15" count="2" type="stmt"/>
        <line num="17" count="2" type="stmt"/>
        <line num="18" count="2" type="stmt"/>
        <line num="20" count="2" type="stmt"/>
        <line num="22" count="2" type="stmt"/>
        <line num="24" count="2" type="cond" truecount="1" falsecount="1"/>
        <line num="25" count="2" type="stmt"/>
        <line num="28" count="2" type="stmt"/>
        <line num="29" count="2" type="stmt"/>
        <line num="31" count="2" type="stmt"/>
        <line num="37" count="0" type="stmt"/>
        <line num="41" count="2" type="stmt"/>
        <line num="43" count="4" type="stmt"/>
        <line num="44" count="4" type="stmt"/>
        <line num="45" count="4" type="cond" truecount="1" falsecount="1"/>
        <line num="46" count="0" type="stmt"/>
        <line num="49" count="4" type="stmt"/>
        <line num="50" count="4" type="stmt"/>
        <line num="51" count="4" type="stmt"/>
        <line num="53" count="4" type="stmt"/>
        <line num="55" count="0" type="stmt"/>
        <line num="66" count="2" type="stmt"/>
        <line num="67" count="4" type="cond" truecount="1" falsecount="1"/>
        <line num="68" count="0" type="stmt"/>
        <line num="70" count="4" type="stmt"/>
        <line num="71" count="4" type="stmt"/>
        <line num="74" count="2" type="stmt"/>
        <line num="80" count="5" type="cond" truecount="1" falsecount="1"/>
        <line num="81" count="0" type="stmt"/>
        <line num="84" count="5" type="stmt"/>
        <line num="86" count="5" type="cond" truecount="1" falsecount="1"/>
        <line num="87" count="0" type="stmt"/>
        <line num="89" count="5" type="stmt"/>
        <line num="93" count="4" type="stmt"/>
        <line num="94" count="4" type="stmt"/>
        <line num="97" count="2" type="stmt"/>
        <line num="98" count="0" type="stmt"/>
        <line num="101" count="0" type="stmt"/>
        <line num="105" count="0" type="stmt"/>
        <line num="108" count="0" type="stmt"/>
        <line num="110" count="0" type="stmt"/>
        <line num="114" count="2" type="stmt"/>
        <line num="115" count="0" type="cond" truecount="0" falsecount="2"/>
        <line num="116" count="0" type="stmt"/>
        <line num="119" count="0" type="stmt"/>
        <line num="120" count="0" type="stmt"/>
        <line num="123" count="4" type="stmt"/>
        <line num="124" count="4" type="stmt"/>
        <line num="125" count="4" type="stmt"/>
        <line num="126" count="4" type="stmt"/>
        <line num="127" count="2" type="stmt"/>
        <line num="130" count="0" type="stmt"/>
        <line num="134" count="2" type="stmt"/>
        <line num="135" count="2" type="stmt"/>
        <line num="136" count="2" type="stmt"/>
        <line num="137" count="2" type="cond" truecount="2" falsecount="0"/>
        <line num="140" count="2" type="stmt"/>
        <line num="141" count="0" type="stmt"/>
        <line num="144" count="2" type="stmt"/>
        <line num="145" count="0" type="cond" truecount="0" falsecount="2"/>
        <line num="146" count="0" type="stmt"/>
        <line num="152" count="0" type="cond" truecount="0" falsecount="2"/>
        <line num="153" count="0" type="stmt"/>
        <line num="158" count="0" type="stmt"/>
        <line num="159" count="0" type="cond" truecount="0" falsecount="2"/>
        <line num="160" count="0" type="stmt"/>
        <line num="167" count="0" type="cond" truecount="0" falsecount="2"/>
        <line num="168" count="0" type="stmt"/>
        <line num="173" count="0" type="stmt"/>
        <line num="174" count="0" type="cond" truecount="0" falsecount="2"/>
        <line num="175" count="0" type="stmt"/>
        <line num="180" count="0" type="stmt"/>
        <line num="182" count="0" type="stmt"/>
        <line num="185" count="0" type="stmt"/>
        <line num="187" count="2" type="stmt"/>
      </file>
    </package>
    <package name="src.modules.folder">
      <metrics statements="59" coveredstatements="27" conditionals="26" coveredconditionals="7" methods="11" coveredmethods="3"/>
      <file name="constants.ts" path="/home/divine/Documents/projects/hardocs/hardocs-fs/src/modules/folder/constants.ts">
        <metrics statements="1" coveredstatements="0" conditionals="0" coveredconditionals="0" methods="0" coveredmethods="0"/>
        <line num="1" count="0" type="stmt"/>
      </file>
      <file name="index.ts" path="/home/divine/Documents/projects/hardocs/hardocs-fs/src/modules/folder/index.ts">
        <metrics statements="58" coveredstatements="27" conditionals="26" coveredconditionals="7" methods="11" coveredmethods="3"/>
        <line num="1" count="3" type="stmt"/>
        <line num="2" count="3" type="stmt"/>
        <line num="3" count="3" type="stmt"/>
        <line num="6" count="3" type="cond" truecount="2" falsecount="0"/>
        <line num="7" count="3" type="stmt"/>
        <line num="14" count="3" type="stmt"/>
        <line num="15" count="0" type="cond" truecount="0" falsecount="2"/>
        <line num="16" count="0" type="stmt"/>
        <line num="18" count="0" type="stmt"/>
        <line num="19" count="0" type="cond" truecount="0" falsecount="2"/>
        <line num="20" count="0" type="stmt"/>
        <line num="22" count="0" type="stmt"/>
        <line num="27" count="3" type="stmt"/>
        <line num="28" count="8" type="stmt"/>
        <line num="29" count="8" type="stmt"/>
        <line num="30" count="8" type="cond" truecount="2" falsecount="0"/>
        <line num="32" count="0" type="stmt"/>
        <line num="33" count="0" type="stmt"/>
        <line num="37" count="3" type="stmt"/>
        <line num="38" count="0" type="stmt"/>
        <line num="44" count="3" type="stmt"/>
        <line num="45" count="0" type="stmt"/>
        <line num="46" count="0" type="cond" truecount="0" falsecount="2"/>
        <line num="47" count="0" type="cond" truecount="0" falsecount="2"/>
        <line num="48" count="0" type="stmt"/>
        <line num="52" count="0" type="stmt"/>
        <line num="53" count="0" type="stmt"/>
        <line num="55" count="0" type="stmt"/>
        <line num="56" count="0" type="stmt"/>
        <line num="62" count="0" type="stmt"/>
        <line num="65" count="3" type="stmt"/>
        <line num="66" count="0" type="stmt"/>
        <line num="67" count="0" type="stmt"/>
        <line num="68" count="0" type="stmt"/>
        <line num="73" count="0" type="cond" truecount="0" falsecount="2"/>
        <line num="79" count="0" type="stmt"/>
        <line num="84" count="0" type="cond" truecount="0" falsecount="2"/>
        <line num="85" count="0" type="stmt"/>
        <line num="90" count="3" type="stmt"/>
        <line num="92" count="7" type="stmt"/>
        <line num="93" count="7" type="stmt"/>
        <line num="95" count="7" type="stmt"/>
        <line num="96" count="7" type="cond" truecount="2" falsecount="0"/>
        <line num="97" count="4" type="cond" truecount="1" falsecount="1"/>
        <line num="98" count="4" type="stmt"/>
        <line num="100" count="4" type="stmt"/>
        <line num="102" count="0" type="stmt"/>
        <line num="104" count="3" type="stmt"/>
        <line num="106" count="0" type="stmt"/>
        <line num="107" count="0" type="stmt"/>
        <line num="111" count="3" type="stmt"/>
        <line num="112" count="6" type="stmt"/>
        <line num="113" count="6" type="stmt"/>
        <line num="114" count="6" type="stmt"/>
        <line num="116" count="0" type="cond" truecount="0" falsecount="2"/>
        <line num="117" count="0" type="stmt"/>
        <line num="120" count="0" type="stmt"/>
        <line num="124" count="3" type="stmt"/>
      </file>
    </package>
    <package name="src.modules.metadata">
      <metrics statements="53" coveredstatements="45" conditionals="14" coveredconditionals="8" methods="13" coveredmethods="12"/>
      <file name="defaultStandard.ts" path="/home/divine/Documents/projects/hardocs/hardocs-fs/src/modules/metadata/defaultStandard.ts">
        <metrics statements="1" coveredstatements="1" conditionals="0" coveredconditionals="0" methods="0" coveredmethods="0"/>
        <line num="1" count="1" type="stmt"/>
      </file>
      <file name="index.ts" path="/home/divine/Documents/projects/hardocs/hardocs-fs/src/modules/metadata/index.ts">
        <metrics statements="52" coveredstatements="44" conditionals="14" coveredconditionals="8" methods="13" coveredmethods="12"/>
        <line num="1" count="2" type="stmt"/>
        <line num="2" count="2" type="stmt"/>
        <line num="3" count="2" type="stmt"/>
        <line num="4" count="2" type="stmt"/>
        <line num="5" count="2" type="stmt"/>
        <line num="6" count="2" type="stmt"/>
        <line num="8" count="2" type="stmt"/>
        <line num="9" count="5" type="stmt"/>
        <line num="12" count="2" type="stmt"/>
        <line num="13" count="1" type="stmt"/>
        <line num="15" count="1" type="stmt"/>
        <line num="16" count="1" type="stmt"/>
        <line num="18" count="1" type="stmt"/>
        <line num="31" count="1" type="stmt"/>
        <line num="33" count="1" type="stmt"/>
        <line num="38" count="1" type="stmt"/>
        <line num="42" count="1" type="stmt"/>
        <line num="58" count="2" type="stmt"/>
        <line num="59" count="1" type="stmt"/>
        <line num="60" count="1" type="stmt"/>
        <line num="61" count="1" type="stmt"/>
        <line num="64" count="1" type="stmt"/>
        <line num="65" count="1" type="stmt"/>
        <line num="77" count="1" type="stmt"/>
        <line num="78" count="0" type="stmt"/>
        <line num="80" count="1" type="cond" truecount="1" falsecount="1"/>
        <line num="81" count="1" type="stmt"/>
        <line num="82" count="1" type="stmt"/>
        <line num="88" count="1" type="stmt"/>
        <line num="99" count="2" type="stmt"/>
        <line num="100" count="1" type="cond" truecount="3" falsecount="1"/>
        <line num="102" count="1" type="stmt"/>
        <line num="106" count="1" type="stmt"/>
        <line num="115" count="4" type="stmt"/>
        <line num="116" count="4" type="cond" truecount="1" falsecount="1"/>
        <line num="117" count="0" type="stmt"/>
        <line num="118" count="0" type="stmt"/>
        <line num="121" count="4" type="stmt"/>
        <line num="122" count="0" type="cond" truecount="0" falsecount="2"/>
        <line num="123" count="0" type="stmt"/>
        <line num="127" count="0" type="stmt"/>
        <line num="132" count="0" type="stmt"/>
        <line num="133" count="0" type="stmt"/>
        <line num="137" count="4" type="stmt"/>
        <line num="141" count="2" type="stmt"/>
        <line num="142" count="1" type="stmt"/>
        <line num="144" count="1" type="stmt"/>
        <line num="148" count="1" type="stmt"/>
        <line num="149" count="1" type="stmt"/>
        <line num="152" count="1" type="stmt"/>
        <line num="157" count="1" type="stmt"/>
        <line num="160" count="2" type="stmt"/>
      </file>
    </package>
    <package name="src.modules.project">
      <metrics statements="44" coveredstatements="37" conditionals="14" coveredconditionals="8" methods="6" coveredmethods="6"/>
      <file name="index.ts" path="/home/divine/Documents/projects/hardocs/hardocs-fs/src/modules/project/index.ts">
        <metrics statements="44" coveredstatements="37" conditionals="14" coveredconditionals="8" methods="6" coveredmethods="6"/>
        <line num="1" count="2" type="stmt"/>
        <line num="2" count="2" type="stmt"/>
        <line num="3" count="2" type="stmt"/>
        <line num="4" count="2" type="stmt"/>
        <line num="5" count="2" type="stmt"/>
        <line num="7" count="2" type="stmt"/>
        <line num="9" count="2" type="stmt"/>
        <line num="11" count="5" type="stmt"/>
        <line num="12" count="5" type="cond" truecount="1" falsecount="1"/>
        <line num="13" count="0" type="stmt"/>
        <line num="20" count="5" type="stmt"/>
        <line num="21" count="5" type="stmt"/>
        <line num="23" count="4" type="stmt"/>
        <line num="25" count="4" type="cond" truecount="3" falsecount="1"/>
        <line num="26" count="0" type="stmt"/>
        <line num="32" count="4" type="stmt"/>
        <line num="37" count="4" type="stmt"/>
        <line num="38" count="2" type="stmt"/>
        <line num="39" count="2" type="stmt"/>
        <line num="43" count="4" type="stmt"/>
        <line num="44" count="4" type="stmt"/>
        <line num="50" count="4" type="stmt"/>
        <line num="52" count="1" type="stmt"/>
        <line num="59" count="2" type="stmt"/>
        <line num="61" count="1" type="stmt"/>
        <line num="62" count="1" type="cond" truecount="1" falsecount="1"/>
        <line num="63" count="1" type="stmt"/>
        <line num="64" count="1" type="cond" truecount="1" falsecount="1"/>
        <line num="65" count="0" type="stmt"/>
        <line num="67" count="1" type="stmt"/>
        <line num="69" count="1" type="stmt"/>
        <line num="70" count="1" type="cond" truecount="1" falsecount="1"/>
        <line num="71" count="0" type="stmt"/>
        <line num="73" count="1" type="stmt"/>
        <line num="75" count="1" type="stmt"/>
        <line num="76" count="1" type="cond" truecount="1" falsecount="1"/>
        <line num="77" count="0" type="stmt"/>
        <line num="80" count="1" type="stmt"/>
        <line num="85" count="1" type="stmt"/>
        <line num="91" count="1" type="stmt"/>
        <line num="93" count="1" type="stmt"/>
        <line num="95" count="0" type="stmt"/>
        <line num="101" count="0" type="stmt"/>
        <line num="107" count="2" type="stmt"/>
      </file>
    </package>
    <package name="src.typings">
      <metrics statements="0" coveredstatements="0" conditionals="0" coveredconditionals="0" methods="0" coveredmethods="0"/>
      <file name="schema.d.ts" path="/home/divine/Documents/projects/hardocs/hardocs-fs/src/typings/schema.d.ts">
        <metrics statements="0" coveredstatements="0" conditionals="0" coveredconditionals="0" methods="0" coveredmethods="0"/>
      </file>
    </package>
    <package name="src.utils">
      <metrics statements="5" coveredstatements="5" conditionals="0" coveredconditionals="0" methods="1" coveredmethods="1"/>
      <file name="constants.ts" path="/home/divine/Documents/projects/hardocs/hardocs-fs/src/utils/constants.ts">
        <metrics statements="5" coveredstatements="5" conditionals="0" coveredconditionals="0" methods="1" coveredmethods="1"/>
        <line num="1" count="3" type="stmt"/>
        <line num="3" count="14" type="stmt"/>
        <line num="5" count="3" type="stmt"/>
        <line num="6" count="3" type="stmt"/>
        <line num="7" count="3" type="stmt"/>
      </file>
    </package>
  </project>
</coverage>
