{"/home/divine/Documents/projects/hardocs/hardocs-fs/src/index.ts": {"path":"/home/divine/Documents/projects/hardocs/hardocs-fs/src/index.ts","statementMap":{"0":{"start":{"line":1,"column":0},"end":{"line":1,"column":44}},"1":{"start":{"line":3,"column":0},"end":{"line":6,"column":null}},"2":{"start":{"line":7,"column":0},"end":{"line":7,"column":26}}},"fnMap":{},"branchMap":{"0":{"loc":{"start":{"line":3,"column":0},"end":{"line":6,"column":null}},"type":"if","locations":[{"start":{"line":3,"column":0},"end":{"line":6,"column":null}},{"start":{"line":3,"column":0},"end":{"line":6,"column":null}}]}},"s":{"0":0,"1":0,"2":0},"f":{},"b":{"0":[0,0]}}
,"/home/divine/Documents/projects/hardocs/hardocs-fs/src/modules/index.ts": {"path":"/home/divine/Documents/projects/hardocs/hardocs-fs/src/modules/index.ts","statementMap":{"0":{"start":{"line":1,"column":0},"end":{"line":1,"column":9}},"1":{"start":{"line":1,"column":9},"end":{"line":1,"column":23}},"2":{"start":{"line":2,"column":0},"end":{"line":2,"column":9}},"3":{"start":{"line":2,"column":9},"end":{"line":2,"column":24}},"4":{"start":{"line":3,"column":0},"end":{"line":3,"column":9}},"5":{"start":{"line":3,"column":9},"end":{"line":3,"column":26}},"6":{"start":{"line":4,"column":0},"end":{"line":4,"column":9}},"7":{"start":{"line":4,"column":9},"end":{"line":4,"column":25}},"8":{"start":{"line":5,"column":0},"end":{"line":5,"column":9}},"9":{"start":{"line":5,"column":9},"end":{"line":5,"column":27}}},"fnMap":{"0":{"name":"(anonymous_1)","decl":{"start":{"line":1,"column":9},"end":{"line":1,"column":16}},"loc":{"start":{"line":1,"column":9},"end":{"line":1,"column":23}}},"1":{"name":"(anonymous_2)","decl":{"start":{"line":2,"column":9},"end":{"line":2,"column":16}},"loc":{"start":{"line":2,"column":9},"end":{"line":2,"column":24}}},"2":{"name":"(anonymous_3)","decl":{"start":{"line":3,"column":9},"end":{"line":3,"column":16}},"loc":{"start":{"line":3,"column":9},"end":{"line":3,"column":26}}},"3":{"name":"(anonymous_4)","decl":{"start":{"line":4,"column":9},"end":{"line":4,"column":16}},"loc":{"start":{"line":4,"column":9},"end":{"line":4,"column":25}}},"4":{"name":"(anonymous_5)","decl":{"start":{"line":5,"column":9},"end":{"line":5,"column":16}},"loc":{"start":{"line":5,"column":9},"end":{"line":5,"column":27}}}},"branchMap":{},"s":{"0":0,"1":0,"2":0,"3":0,"4":0,"5":0,"6":0,"7":0,"8":0,"9":0},"f":{"0":0,"1":0,"2":0,"3":0,"4":0},"b":{}}
,"/home/divine/Documents/projects/hardocs/hardocs-fs/src/modules/cwd/index.ts": {"path":"/home/divine/Documents/projects/hardocs/hardocs-fs/src/modules/cwd/index.ts","statementMap":{"0":{"start":{"line":1,"column":0},"end":{"line":1,"column":25}},"1":{"start":{"line":2,"column":0},"end":{"line":2,"column":29}},"2":{"start":{"line":4,"column":18},"end":{"line":4,"column":31}},"3":{"start":{"line":6,"column":18},"end":{"line":13,"column":1}},"4":{"start":{"line":7,"column":2},"end":{"line":7,"column":39}},"5":{"start":{"line":7,"column":26},"end":{"line":7,"column":39}},"6":{"start":{"line":8,"column":19},"end":{"line":8,"column":49}},"7":{"start":{"line":9,"column":2},"end":{"line":11,"column":null}},"8":{"start":{"line":10,"column":4},"end":{"line":10,"column":46}},"9":{"start":{"line":12,"column":2},"end":{"line":12,"column":15}},"10":{"start":{"line":15,"column":0},"end":{"line":28,"column":2}},"11":{"start":{"line":16,"column":13},"end":{"line":16,"column":16}},"12":{"start":{"line":17,"column":31},"end":{"line":27,"column":null}},"13":{"start":{"line":18,"column":19},"end":{"line":18,"column":35}},"14":{"start":{"line":20,"column":4},"end":{"line":20,"column":38}},"15":{"start":{"line":20,"column":31},"end":{"line":20,"column":38}},"16":{"start":{"line":21,"column":4},"end":{"line":21,"column":17}},"17":{"start":{"line":22,"column":4},"end":{"line":26,"column":null}},"18":{"start":{"line":23,"column":6},"end":{"line":23,"column":35}},"19":{"start":{"line":25,"column":6},"end":{"line":25,"column":23}}},"fnMap":{"0":{"name":"(anonymous_13)","decl":{"start":{"line":6,"column":18},"end":{"line":6,"column":19}},"loc":{"start":{"line":6,"column":36},"end":{"line":13,"column":1}}},"1":{"name":"(anonymous_14)","decl":{"start":{"line":16,"column":7},"end":{"line":16,"column":10}},"loc":{"start":{"line":16,"column":13},"end":{"line":16,"column":16}}},"2":{"name":"(anonymous_15)","decl":{"start":{"line":17,"column":7},"end":{"line":17,"column":14}},"loc":{"start":{"line":17,"column":31},"end":{"line":27,"column":null}}},"3":{"name":"(anonymous_16)","decl":{"start":{"line":17,"column":31},"end":{"line":17,"column":null}},"loc":{"start":{"line":17,"column":31},"end":{"line":27,"column":3}}}},"branchMap":{"0":{"loc":{"start":{"line":7,"column":2},"end":{"line":7,"column":39}},"type":"if","locations":[{"start":{"line":7,"column":2},"end":{"line":7,"column":39}},{"start":{"line":7,"column":2},"end":{"line":7,"column":39}}]},"1":{"loc":{"start":{"line":9,"column":2},"end":{"line":11,"column":null}},"type":"if","locations":[{"start":{"line":9,"column":2},"end":{"line":11,"column":null}},{"start":{"line":9,"column":2},"end":{"line":11,"column":null}}]},"2":{"loc":{"start":{"line":20,"column":4},"end":{"line":20,"column":38}},"type":"if","locations":[{"start":{"line":20,"column":4},"end":{"line":20,"column":38}},{"start":{"line":20,"column":4},"end":{"line":20,"column":38}}]}},"s":{"0":1,"1":1,"2":1,"3":1,"4":0,"5":0,"6":0,"7":0,"8":0,"9":0,"10":1,"11":1,"12":0,"13":0,"14":0,"15":0,"16":0,"17":0,"18":0,"19":0},"f":{"0":0,"1":1,"2":0,"3":0},"b":{"0":[0,0],"1":[0,0],"2":[0,0]}}
,"/home/divine/Documents/projects/hardocs/hardocs-fs/src/modules/file/index.ts": {"path":"/home/divine/Documents/projects/hardocs/hardocs-fs/src/modules/file/index.ts","statementMap":{"0":{"start":{"line":1,"column":0},"end":{"line":1,"column":24}},"1":{"start":{"line":2,"column":0},"end":{"line":2,"column":26}},"2":{"start":{"line":4,"column":0},"end":{"line":4,"column":25}},"3":{"start":{"line":5,"column":0},"end":{"line":5,"column":31}},"4":{"start":{"line":7,"column":0},"end":{"line":7,"column":56}},"5":{"start":{"line":8,"column":0},"end":{"line":8,"column":32}},"6":{"start":{"line":9,"column":0},"end":{"line":9,"column":26}},"7":{"start":{"line":12,"column":18},"end":{"line":12,"column":60}},"8":{"start":{"line":13,"column":12},"end":{"line":13,"column":29}},"9":{"start":{"line":15,"column":17},"end":{"line":36,"column":1}},"10":{"start":{"line":16,"column":2},"end":{"line":35,"column":null}},"11":{"start":{"line":17,"column":4},"end":{"line":19,"column":null}},"12":{"start":{"line":18,"column":6},"end":{"line":18,"column":27}},"13":{"start":{"line":20,"column":21},"end":{"line":20,"column":46}},"14":{"start":{"line":21,"column":20},"end":{"line":21,"column":56}},"15":{"start":{"line":22,"column":22},"end":{"line":22,"column":45}},"16":{"start":{"line":24,"column":14},"end":{"line":24,"column":41}},"17":{"start":{"line":26,"column":4},"end":{"line":32,"column":6}},"18":{"start":{"line":34,"column":4},"end":{"line":34,"column":32}},"19":{"start":{"line":38,"column":20},"end":{"line":62,"column":1}},"20":{"start":{"line":39,"column":58},"end":{"line":39,"column":63}},"21":{"start":{"line":40,"column":2},"end":{"line":42,"column":null}},"22":{"start":{"line":41,"column":4},"end":{"line":41,"column":40}},"23":{"start":{"line":43,"column":14},"end":{"line":47,"column":2}},"24":{"start":{"line":49,"column":20},"end":{"line":49,"column":72}},"25":{"start":{"line":50,"column":19},"end":{"line":52,"column":4}},"26":{"start":{"line":53,"column":2},"end":{"line":53,"column":68}},"27":{"start":{"line":54,"column":17},"end":{"line":60,"column":4}},"28":{"start":{"line":61,"column":2},"end":{"line":61,"column":16}},"29":{"start":{"line":68,"column":29},"end":{"line":74,"column":1}},"30":{"start":{"line":69,"column":2},"end":{"line":71,"column":null}},"31":{"start":{"line":70,"column":4},"end":{"line":70,"column":25}},"32":{"start":{"line":72,"column":23},"end":{"line":72,"column":62}},"33":{"start":{"line":73,"column":2},"end":{"line":73,"column":22}},"34":{"start":{"line":76,"column":25},"end":{"line":95,"column":2}},"35":{"start":{"line":80,"column":31},"end":{"line":95,"column":2}},"36":{"start":{"line":81,"column":2},"end":{"line":83,"column":null}},"37":{"start":{"line":82,"column":4},"end":{"line":82,"column":51}},"38":{"start":{"line":85,"column":18},"end":{"line":88,"column":4}},"39":{"start":{"line":89,"column":24},"end":{"line":91,"column":25}},"40":{"start":{"line":93,"column":20},"end":{"line":93,"column":49}},"41":{"start":{"line":94,"column":2},"end":{"line":94,"column":19}},"42":{"start":{"line":97,"column":27},"end":{"line":121,"column":2}},"43":{"start":{"line":103,"column":5},"end":{"line":121,"column":2}},"44":{"start":{"line":104,"column":19},"end":{"line":104,"column":28}},"45":{"start":{"line":105,"column":2},"end":{"line":109,"column":null}},"46":{"start":{"line":106,"column":4},"end":{"line":108,"column":null}},"47":{"start":{"line":107,"column":6},"end":{"line":107,"column":24}},"48":{"start":{"line":111,"column":21},"end":{"line":111,"column":46}},"49":{"start":{"line":113,"column":2},"end":{"line":115,"column":null}},"50":{"start":{"line":114,"column":4},"end":{"line":114,"column":51}},"51":{"start":{"line":116,"column":30},"end":{"line":118,"column":4}},"52":{"start":{"line":119,"column":22},"end":{"line":119,"column":51}},"53":{"start":{"line":120,"column":2},"end":{"line":120,"column":37}},"54":{"start":{"line":123,"column":31},"end":{"line":137,"column":2}},"55":{"start":{"line":127,"column":4},"end":{"line":137,"column":2}},"56":{"start":{"line":128,"column":2},"end":{"line":136,"column":null}},"57":{"start":{"line":129,"column":17},"end":{"line":129,"column":53}},"58":{"start":{"line":130,"column":20},"end":{"line":132,"column":6}},"59":{"start":{"line":133,"column":4},"end":{"line":133,"column":19}},"60":{"start":{"line":135,"column":4},"end":{"line":135,"column":50}},"61":{"start":{"line":139,"column":22},"end":{"line":144,"column":2}},"62":{"start":{"line":139,"column":57},"end":{"line":144,"column":2}},"63":{"start":{"line":140,"column":24},"end":{"line":140,"column":63}},"64":{"start":{"line":142,"column":19},"end":{"line":142,"column":66}},"65":{"start":{"line":143,"column":2},"end":{"line":143,"column":18}},"66":{"start":{"line":146,"column":27},"end":{"line":166,"column":2}},"67":{"start":{"line":146,"column":55},"end":{"line":166,"column":2}},"68":{"start":{"line":147,"column":35},"end":{"line":147,"column":61}},"69":{"start":{"line":148,"column":2},"end":{"line":165,"column":null}},"70":{"start":{"line":149,"column":4},"end":{"line":162,"column":7}},"71":{"start":{"line":150,"column":16},"end":{"line":150,"column":51}},"72":{"start":{"line":153,"column":16},"end":{"line":160,"column":8}},"73":{"start":{"line":161,"column":6},"end":{"line":161,"column":18}},"74":{"start":{"line":164,"column":4},"end":{"line":164,"column":41}},"75":{"start":{"line":168,"column":20},"end":{"line":172,"column":1}},"76":{"start":{"line":169,"column":19},"end":{"line":169,"column":38}},"77":{"start":{"line":170,"column":20},"end":{"line":170,"column":49}},"78":{"start":{"line":171,"column":2},"end":{"line":171,"column":59}},"79":{"start":{"line":174,"column":15},"end":{"line":176,"column":1}},"80":{"start":{"line":175,"column":2},"end":{"line":175,"column":29}},"81":{"start":{"line":178,"column":19},"end":{"line":207,"column":1}},"82":{"start":{"line":181,"column":2},"end":{"line":183,"column":null}},"83":{"start":{"line":182,"column":4},"end":{"line":182,"column":80}},"84":{"start":{"line":185,"column":2},"end":{"line":187,"column":null}},"85":{"start":{"line":186,"column":4},"end":{"line":186,"column":43}},"86":{"start":{"line":188,"column":2},"end":{"line":204,"column":5}},"87":{"start":{"line":189,"column":4},"end":{"line":191,"column":null}},"88":{"start":{"line":190,"column":6},"end":{"line":190,"column":23}},"89":{"start":{"line":192,"column":4},"end":{"line":195,"column":null}},"90":{"start":{"line":193,"column":6},"end":{"line":193,"column":48}},"91":{"start":{"line":194,"column":6},"end":{"line":194,"column":19}},"92":{"start":{"line":196,"column":4},"end":{"line":202,"column":7}},"93":{"start":{"line":197,"column":6},"end":{"line":199,"column":null}},"94":{"start":{"line":198,"column":8},"end":{"line":198,"column":37}},"95":{"start":{"line":200,"column":6},"end":{"line":200,"column":54}},"96":{"start":{"line":201,"column":6},"end":{"line":201,"column":18}},"97":{"start":{"line":203,"column":4},"end":{"line":203,"column":16}},"98":{"start":{"line":206,"column":2},"end":{"line":206,"column":14}},"99":{"start":{"line":208,"column":0},"end":{"line":220,"column":2}}},"fnMap":{"0":{"name":"(anonymous_8)","decl":{"start":{"line":15,"column":17},"end":{"line":15,"column":18}},"loc":{"start":{"line":15,"column":64},"end":{"line":36,"column":1}}},"1":{"name":"(anonymous_9)","decl":{"start":{"line":38,"column":20},"end":{"line":38,"column":21}},"loc":{"start":{"line":38,"column":46},"end":{"line":62,"column":1}}},"2":{"name":"(anonymous_10)","decl":{"start":{"line":68,"column":29},"end":{"line":68,"column":30}},"loc":{"start":{"line":68,"column":51},"end":{"line":74,"column":1}}},"3":{"name":"(anonymous_11)","decl":{"start":{"line":76,"column":25},"end":{"line":76,"column":32}},"loc":{"start":{"line":80,"column":31},"end":{"line":95,"column":2}}},"4":{"name":"(anonymous_12)","decl":{"start":{"line":80,"column":31},"end":{"line":80,"column":null}},"loc":{"start":{"line":80,"column":31},"end":{"line":95,"column":1}}},"5":{"name":"(anonymous_13)","decl":{"start":{"line":97,"column":27},"end":{"line":97,"column":34}},"loc":{"start":{"line":103,"column":5},"end":{"line":121,"column":2}}},"6":{"name":"(anonymous_14)","decl":{"start":{"line":103,"column":5},"end":{"line":103,"column":null}},"loc":{"start":{"line":103,"column":5},"end":{"line":121,"column":1}}},"7":{"name":"(anonymous_15)","decl":{"start":{"line":123,"column":31},"end":{"line":123,"column":null}},"loc":{"start":{"line":127,"column":4},"end":{"line":137,"column":2}}},"8":{"name":"(anonymous_16)","decl":{"start":{"line":127,"column":4},"end":{"line":127,"column":null}},"loc":{"start":{"line":127,"column":4},"end":{"line":137,"column":1}}},"9":{"name":"(anonymous_17)","decl":{"start":{"line":139,"column":22},"end":{"line":139,"column":29}},"loc":{"start":{"line":139,"column":57},"end":{"line":144,"column":2}}},"10":{"name":"(anonymous_18)","decl":{"start":{"line":139,"column":57},"end":{"line":139,"column":null}},"loc":{"start":{"line":139,"column":57},"end":{"line":144,"column":1}}},"11":{"name":"(anonymous_19)","decl":{"start":{"line":146,"column":27},"end":{"line":146,"column":34}},"loc":{"start":{"line":146,"column":55},"end":{"line":166,"column":2}}},"12":{"name":"(anonymous_20)","decl":{"start":{"line":146,"column":55},"end":{"line":146,"column":null}},"loc":{"start":{"line":146,"column":55},"end":{"line":166,"column":1}}},"13":{"name":"(anonymous_21)","decl":{"start":{"line":149,"column":40},"end":{"line":149,"column":41}},"loc":{"start":{"line":149,"column":46},"end":{"line":162,"column":5}}},"14":{"name":"(anonymous_22)","decl":{"start":{"line":168,"column":20},"end":{"line":168,"column":21}},"loc":{"start":{"line":168,"column":39},"end":{"line":172,"column":1}}},"15":{"name":"(anonymous_23)","decl":{"start":{"line":174,"column":15},"end":{"line":174,"column":16}},"loc":{"start":{"line":174,"column":41},"end":{"line":176,"column":1}}},"16":{"name":"(anonymous_24)","decl":{"start":{"line":178,"column":19},"end":{"line":178,"column":20}},"loc":{"start":{"line":180,"column":50},"end":{"line":207,"column":1}}},"17":{"name":"(anonymous_25)","decl":{"start":{"line":188,"column":20},"end":{"line":188,"column":21}},"loc":{"start":{"line":188,"column":34},"end":{"line":204,"column":3}}},"18":{"name":"(anonymous_26)","decl":{"start":{"line":196,"column":24},"end":{"line":196,"column":25}},"loc":{"start":{"line":196,"column":32},"end":{"line":202,"column":5}}}},"branchMap":{"0":{"loc":{"start":{"line":15,"column":44},"end":{"line":15,"column":49}},"type":"default-arg","locations":[{"start":{"line":15,"column":44},"end":{"line":15,"column":49}}]},"1":{"loc":{"start":{"line":17,"column":4},"end":{"line":19,"column":null}},"type":"if","locations":[{"start":{"line":17,"column":4},"end":{"line":19,"column":null}},{"start":{"line":17,"column":4},"end":{"line":19,"column":null}}]},"2":{"loc":{"start":{"line":31,"column":20},"end":{"line":31,"column":28}},"type":"cond-expr","locations":[{"start":{"line":31,"column":20},"end":{"line":31,"column":28}},{"start":{"line":31,"column":31},"end":{"line":31,"column":57}}]},"3":{"loc":{"start":{"line":40,"column":2},"end":{"line":42,"column":null}},"type":"if","locations":[{"start":{"line":40,"column":2},"end":{"line":42,"column":null}},{"start":{"line":40,"column":2},"end":{"line":42,"column":null}}]},"4":{"loc":{"start":{"line":69,"column":2},"end":{"line":71,"column":null}},"type":"if","locations":[{"start":{"line":69,"column":2},"end":{"line":71,"column":null}},{"start":{"line":69,"column":2},"end":{"line":71,"column":null}}]},"5":{"loc":{"start":{"line":81,"column":2},"end":{"line":83,"column":null}},"type":"if","locations":[{"start":{"line":81,"column":2},"end":{"line":83,"column":null}},{"start":{"line":81,"column":2},"end":{"line":83,"column":null}}]},"6":{"loc":{"start":{"line":99,"column":10},"end":{"line":99,"column":15}},"type":"default-arg","locations":[{"start":{"line":99,"column":10},"end":{"line":99,"column":15}}]},"7":{"loc":{"start":{"line":105,"column":2},"end":{"line":109,"column":null}},"type":"if","locations":[{"start":{"line":105,"column":2},"end":{"line":109,"column":null}},{"start":{"line":105,"column":2},"end":{"line":109,"column":null}}]},"8":{"loc":{"start":{"line":106,"column":4},"end":{"line":108,"column":null}},"type":"if","locations":[{"start":{"line":106,"column":4},"end":{"line":108,"column":null}},{"start":{"line":106,"column":4},"end":{"line":108,"column":null}}]},"9":{"loc":{"start":{"line":113,"column":2},"end":{"line":115,"column":null}},"type":"if","locations":[{"start":{"line":113,"column":2},"end":{"line":115,"column":null}},{"start":{"line":113,"column":2},"end":{"line":115,"column":null}}]},"10":{"loc":{"start":{"line":113,"column":6},"end":{"line":113,"column":52}},"type":"binary-expr","locations":[{"start":{"line":113,"column":6},"end":{"line":113,"column":52}},{"start":{"line":113,"column":56},"end":{"line":113,"column":67}}]},"11":{"loc":{"start":{"line":171,"column":9},"end":{"line":171,"column":45}},"type":"binary-expr","locations":[{"start":{"line":171,"column":9},"end":{"line":171,"column":45}},{"start":{"line":171,"column":49},"end":{"line":171,"column":58}}]},"12":{"loc":{"start":{"line":181,"column":2},"end":{"line":183,"column":null}},"type":"if","locations":[{"start":{"line":181,"column":2},"end":{"line":183,"column":null}},{"start":{"line":181,"column":2},"end":{"line":183,"column":null}}]},"13":{"loc":{"start":{"line":185,"column":2},"end":{"line":187,"column":null}},"type":"if","locations":[{"start":{"line":185,"column":2},"end":{"line":187,"column":null}},{"start":{"line":185,"column":2},"end":{"line":187,"column":null}}]},"14":{"loc":{"start":{"line":189,"column":4},"end":{"line":191,"column":null}},"type":"if","locations":[{"start":{"line":189,"column":4},"end":{"line":191,"column":null}},{"start":{"line":189,"column":4},"end":{"line":191,"column":null}}]},"15":{"loc":{"start":{"line":192,"column":4},"end":{"line":195,"column":null}},"type":"if","locations":[{"start":{"line":192,"column":4},"end":{"line":195,"column":null}},{"start":{"line":192,"column":4},"end":{"line":195,"column":null}}]},"16":{"loc":{"start":{"line":197,"column":6},"end":{"line":199,"column":null}},"type":"if","locations":[{"start":{"line":197,"column":6},"end":{"line":199,"column":null}},{"start":{"line":197,"column":6},"end":{"line":199,"column":null}}]}},"s":{"0":0,"1":0,"2":0,"3":0,"4":0,"5":0,"6":0,"7":0,"8":0,"9":0,"10":0,"11":0,"12":0,"13":0,"14":0,"15":0,"16":0,"17":0,"18":0,"19":0,"20":0,"21":0,"22":0,"23":0,"24":0,"25":0,"26":0,"27":0,"28":0,"29":0,"30":0,"31":0,"32":0,"33":0,"34":0,"35":0,"36":0,"37":0,"38":0,"39":0,"40":0,"41":0,"42":0,"43":0,"44":0,"45":0,"46":0,"47":0,"48":0,"49":0,"50":0,"51":0,"52":0,"53":0,"54":0,"55":0,"56":0,"57":0,"58":0,"59":0,"60":0,"61":0,"62":0,"63":0,"64":0,"65":0,"66":0,"67":0,"68":0,"69":0,"70":0,"71":0,"72":0,"73":0,"74":0,"75":0,"76":0,"77":0,"78":0,"79":0,"80":0,"81":0,"82":0,"83":0,"84":0,"85":0,"86":0,"87":0,"88":0,"89":0,"90":0,"91":0,"92":0,"93":0,"94":0,"95":0,"96":0,"97":0,"98":0,"99":0},"f":{"0":0,"1":0,"2":0,"3":0,"4":0,"5":0,"6":0,"7":0,"8":0,"9":0,"10":0,"11":0,"12":0,"13":0,"14":0,"15":0,"16":0,"17":0,"18":0},"b":{"0":[0],"1":[0,0],"2":[0,0],"3":[0,0],"4":[0,0],"5":[0,0],"6":[0],"7":[0,0],"8":[0,0],"9":[0,0],"10":[0,0],"11":[0,0],"12":[0,0],"13":[0,0],"14":[0,0],"15":[0,0],"16":[0,0]}}
,"/home/divine/Documents/projects/hardocs/hardocs-fs/src/modules/folder/constants.ts": {"path":"/home/divine/Documents/projects/hardocs/hardocs-fs/src/modules/folder/constants.ts","statementMap":{"0":{"start":{"line":1,"column":13},"end":{"line":1,"column":54}}},"fnMap":{},"branchMap":{},"s":{"0":0},"f":{},"b":{}}
,"/home/divine/Documents/projects/hardocs/hardocs-fs/src/modules/folder/index.ts": {"path":"/home/divine/Documents/projects/hardocs/hardocs-fs/src/modules/folder/index.ts","statementMap":{"0":{"start":{"line":1,"column":0},"end":{"line":1,"column":29}},"1":{"start":{"line":2,"column":0},"end":{"line":2,"column":31}},"2":{"start":{"line":3,"column":0},"end":{"line":3,"column":35}},"3":{"start":{"line":6,"column":0},"end":{"line":6,"column":25}},"4":{"start":{"line":7,"column":0},"end":{"line":7,"column":56}},"5":{"start":{"line":8,"column":0},"end":{"line":8,"column":27}},"6":{"start":{"line":11,"column":2},"end":{"line":11,"column":75}},"7":{"start":{"line":12,"column":21},"end":{"line":12,"column":24}},"8":{"start":{"line":14,"column":20},"end":{"line":22,"column":1}},"9":{"start":{"line":15,"column":2},"end":{"line":15,"column":39}},"10":{"start":{"line":16,"column":2},"end":{"line":20,"column":null}},"11":{"start":{"line":17,"column":4},"end":{"line":17,"column":66}},"12":{"start":{"line":19,"column":4},"end":{"line":19,"column":29}},"13":{"start":{"line":21,"column":2},"end":{"line":21,"column":15}},"14":{"start":{"line":24,"column":23},"end":{"line":29,"column":1}},"15":{"start":{"line":25,"column":2},"end":{"line":28,"column":4}},"16":{"start":{"line":31,"column":19},"end":{"line":34,"column":1}},"17":{"start":{"line":32,"column":18},"end":{"line":32,"column":27}},"18":{"start":{"line":33,"column":2},"end":{"line":33,"column":43}},"19":{"start":{"line":36,"column":13},"end":{"line":39,"column":2}},"20":{"start":{"line":36,"column":44},"end":{"line":39,"column":2}},"21":{"start":{"line":37,"column":2},"end":{"line":37,"column":22}},"22":{"start":{"line":38,"column":2},"end":{"line":38,"column":45}},"23":{"start":{"line":41,"column":19},"end":{"line":45,"column":1}},"24":{"start":{"line":42,"column":18},"end":{"line":42,"column":36}},"25":{"start":{"line":43,"column":2},"end":{"line":43,"column":19}},"26":{"start":{"line":44,"column":2},"end":{"line":44,"column":45}},"27":{"start":{"line":47,"column":21},"end":{"line":56,"column":1}},"28":{"start":{"line":48,"column":2},"end":{"line":51,"column":null}},"29":{"start":{"line":49,"column":4},"end":{"line":49,"column":41}},"30":{"start":{"line":50,"column":4},"end":{"line":50,"column":17}},"31":{"start":{"line":53,"column":17},"end":{"line":53,"column":43}},"32":{"start":{"line":54,"column":2},"end":{"line":54,"column":27}},"33":{"start":{"line":55,"column":2},"end":{"line":55,"column":42}},"34":{"start":{"line":58,"column":13},"end":{"line":77,"column":2}},"35":{"start":{"line":58,"column":44},"end":{"line":77,"column":2}},"36":{"start":{"line":59,"column":12},"end":{"line":59,"column":16}},"37":{"start":{"line":60,"column":2},"end":{"line":64,"column":null}},"38":{"start":{"line":61,"column":4},"end":{"line":63,"column":null}},"39":{"start":{"line":62,"column":6},"end":{"line":62,"column":34}},"40":{"start":{"line":66,"column":16},"end":{"line":66,"column":43}},"41":{"start":{"line":67,"column":2},"end":{"line":76,"column":56}},"42":{"start":{"line":69,"column":25},"end":{"line":69,"column":46}},"43":{"start":{"line":70,"column":6},"end":{"line":74,"column":8}},"44":{"start":{"line":76,"column":22},"end":{"line":76,"column":54}},"45":{"start":{"line":79,"column":17},"end":{"line":102,"column":1}},"46":{"start":{"line":80,"column":2},"end":{"line":101,"column":null}},"47":{"start":{"line":81,"column":21},"end":{"line":81,"column":67}},"48":{"start":{"line":82,"column":19},"end":{"line":85,"column":6}},"49":{"start":{"line":87,"column":4},"end":{"line":90,"column":null}},"50":{"start":{"line":88,"column":26},"end":{"line":88,"column":53}},"51":{"start":{"line":89,"column":6},"end":{"line":89,"column":59}},"52":{"start":{"line":92,"column":4},"end":{"line":95,"column":6}},"53":{"start":{"line":97,"column":4},"end":{"line":100,"column":null}},"54":{"start":{"line":98,"column":6},"end":{"line":98,"column":35}},"55":{"start":{"line":99,"column":6},"end":{"line":99,"column":29}},"56":{"start":{"line":104,"column":20},"end":{"line":127,"column":2}},"57":{"start":{"line":104,"column":56},"end":{"line":127,"column":2}},"58":{"start":{"line":105,"column":45},"end":{"line":105,"column":52}},"59":{"start":{"line":107,"column":2},"end":{"line":112,"column":null}},"60":{"start":{"line":115,"column":21},"end":{"line":115,"column":40}},"61":{"start":{"line":116,"column":21},"end":{"line":116,"column":58}},"62":{"start":{"line":118,"column":2},"end":{"line":126,"column":null}},"63":{"start":{"line":119,"column":4},"end":{"line":125,"column":null}},"64":{"start":{"line":120,"column":18},"end":{"line":120,"column":45}},"65":{"start":{"line":121,"column":6},"end":{"line":121,"column":17}},"66":{"start":{"line":123,"column":6},"end":{"line":123,"column":45}},"67":{"start":{"line":124,"column":6},"end":{"line":124,"column":19}},"68":{"start":{"line":129,"column":25},"end":{"line":141,"column":2}},"69":{"start":{"line":131,"column":41},"end":{"line":141,"column":2}},"70":{"start":{"line":132,"column":2},"end":{"line":140,"column":null}},"71":{"start":{"line":133,"column":16},"end":{"line":133,"column":43}},"72":{"start":{"line":134,"column":4},"end":{"line":134,"column":17}},"73":{"start":{"line":136,"column":4},"end":{"line":138,"column":null}},"74":{"start":{"line":137,"column":6},"end":{"line":137,"column":58}},"75":{"start":{"line":139,"column":4},"end":{"line":139,"column":17}},"76":{"start":{"line":143,"column":22},"end":{"line":160,"column":2}},"77":{"start":{"line":143,"column":66},"end":{"line":160,"column":2}},"78":{"start":{"line":144,"column":20},"end":{"line":144,"column":29}},"79":{"start":{"line":145,"column":2},"end":{"line":149,"column":null}},"80":{"start":{"line":146,"column":4},"end":{"line":148,"column":null}},"81":{"start":{"line":147,"column":6},"end":{"line":147,"column":25}},"82":{"start":{"line":150,"column":2},"end":{"line":152,"column":null}},"83":{"start":{"line":151,"column":4},"end":{"line":151,"column":45}},"84":{"start":{"line":154,"column":22},"end":{"line":156,"column":15}},"85":{"start":{"line":157,"column":22},"end":{"line":157,"column":33}},"86":{"start":{"line":159,"column":2},"end":{"line":159,"column":37}},"87":{"start":{"line":162,"column":21},"end":{"line":165,"column":2}},"88":{"start":{"line":162,"column":64},"end":{"line":165,"column":2}},"89":{"start":{"line":163,"column":2},"end":{"line":163,"column":24}},"90":{"start":{"line":164,"column":2},"end":{"line":164,"column":14}},"91":{"start":{"line":167,"column":0},"end":{"line":180,"column":2}}},"fnMap":{"0":{"name":"(anonymous_14)","decl":{"start":{"line":14,"column":20},"end":{"line":14,"column":21}},"loc":{"start":{"line":14,"column":45},"end":{"line":22,"column":1}}},"1":{"name":"(anonymous_15)","decl":{"start":{"line":24,"column":23},"end":{"line":24,"column":24}},"loc":{"start":{"line":24,"column":65},"end":{"line":29,"column":1}}},"2":{"name":"(anonymous_16)","decl":{"start":{"line":31,"column":19},"end":{"line":31,"column":22}},"loc":{"start":{"line":31,"column":24},"end":{"line":34,"column":1}}},"3":{"name":"(anonymous_17)","decl":{"start":{"line":36,"column":13},"end":{"line":36,"column":20}},"loc":{"start":{"line":36,"column":44},"end":{"line":39,"column":2}}},"4":{"name":"(anonymous_18)","decl":{"start":{"line":36,"column":44},"end":{"line":36,"column":null}},"loc":{"start":{"line":36,"column":44},"end":{"line":39,"column":1}}},"5":{"name":"(anonymous_19)","decl":{"start":{"line":41,"column":19},"end":{"line":41,"column":20}},"loc":{"start":{"line":41,"column":44},"end":{"line":45,"column":1}}},"6":{"name":"(anonymous_20)","decl":{"start":{"line":47,"column":21},"end":{"line":47,"column":22}},"loc":{"start":{"line":47,"column":46},"end":{"line":56,"column":1}}},"7":{"name":"(anonymous_21)","decl":{"start":{"line":58,"column":13},"end":{"line":58,"column":20}},"loc":{"start":{"line":58,"column":44},"end":{"line":77,"column":2}}},"8":{"name":"(anonymous_22)","decl":{"start":{"line":58,"column":44},"end":{"line":58,"column":null}},"loc":{"start":{"line":58,"column":44},"end":{"line":77,"column":1}}},"9":{"name":"(anonymous_23)","decl":{"start":{"line":68,"column":9},"end":{"line":68,"column":10}},"loc":{"start":{"line":68,"column":18},"end":{"line":75,"column":5}}},"10":{"name":"(anonymous_24)","decl":{"start":{"line":76,"column":12},"end":{"line":76,"column":13}},"loc":{"start":{"line":76,"column":22},"end":{"line":76,"column":54}}},"11":{"name":"(anonymous_25)","decl":{"start":{"line":79,"column":17},"end":{"line":79,"column":18}},"loc":{"start":{"line":79,"column":42},"end":{"line":102,"column":1}}},"12":{"name":"(anonymous_26)","decl":{"start":{"line":104,"column":20},"end":{"line":104,"column":27}},"loc":{"start":{"line":104,"column":56},"end":{"line":127,"column":2}}},"13":{"name":"(anonymous_27)","decl":{"start":{"line":104,"column":56},"end":{"line":104,"column":null}},"loc":{"start":{"line":104,"column":56},"end":{"line":127,"column":1}}},"14":{"name":"(anonymous_28)","decl":{"start":{"line":129,"column":25},"end":{"line":129,"column":32}},"loc":{"start":{"line":131,"column":41},"end":{"line":141,"column":2}}},"15":{"name":"(anonymous_29)","decl":{"start":{"line":131,"column":41},"end":{"line":131,"column":null}},"loc":{"start":{"line":131,"column":41},"end":{"line":141,"column":1}}},"16":{"name":"(anonymous_30)","decl":{"start":{"line":143,"column":22},"end":{"line":143,"column":29}},"loc":{"start":{"line":143,"column":66},"end":{"line":160,"column":2}}},"17":{"name":"(anonymous_31)","decl":{"start":{"line":143,"column":66},"end":{"line":143,"column":null}},"loc":{"start":{"line":143,"column":66},"end":{"line":160,"column":1}}},"18":{"name":"(anonymous_32)","decl":{"start":{"line":162,"column":21},"end":{"line":162,"column":28}},"loc":{"start":{"line":162,"column":64},"end":{"line":165,"column":2}}},"19":{"name":"(anonymous_33)","decl":{"start":{"line":162,"column":64},"end":{"line":162,"column":null}},"loc":{"start":{"line":162,"column":64},"end":{"line":165,"column":1}}}},"branchMap":{"0":{"loc":{"start":{"line":11,"column":2},"end":{"line":11,"column":39}},"type":"binary-expr","locations":[{"start":{"line":11,"column":2},"end":{"line":11,"column":39}},{"start":{"line":11,"column":43},"end":{"line":11,"column":75}}]},"1":{"loc":{"start":{"line":17,"column":11},"end":{"line":17,"column":30}},"type":"binary-expr","locations":[{"start":{"line":17,"column":11},"end":{"line":17,"column":30}},{"start":{"line":17,"column":34},"end":{"line":17,"column":65}}]},"2":{"loc":{"start":{"line":48,"column":2},"end":{"line":51,"column":null}},"type":"if","locations":[{"start":{"line":48,"column":2},"end":{"line":51,"column":null}},{"start":{"line":48,"column":2},"end":{"line":51,"column":null}}]},"3":{"loc":{"start":{"line":60,"column":2},"end":{"line":64,"column":null}},"type":"if","locations":[{"start":{"line":60,"column":2},"end":{"line":64,"column":null}},{"start":{"line":60,"column":2},"end":{"line":64,"column":null}}]},"4":{"loc":{"start":{"line":61,"column":4},"end":{"line":63,"column":null}},"type":"if","locations":[{"start":{"line":61,"column":4},"end":{"line":63,"column":null}},{"start":{"line":61,"column":4},"end":{"line":63,"column":null}}]},"5":{"loc":{"start":{"line":87,"column":4},"end":{"line":90,"column":null}},"type":"if","locations":[{"start":{"line":87,"column":4},"end":{"line":90,"column":null}},{"start":{"line":87,"column":4},"end":{"line":90,"column":null}}]},"6":{"loc":{"start":{"line":93,"column":7},"end":{"line":93,"column":25}},"type":"binary-expr","locations":[{"start":{"line":93,"column":7},"end":{"line":93,"column":25}},{"start":{"line":93,"column":29},"end":{"line":93,"column":40}},{"start":{"line":94,"column":7},"end":{"line":94,"column":24}},{"start":{"line":94,"column":28},"end":{"line":94,"column":42}}]},"7":{"loc":{"start":{"line":97,"column":4},"end":{"line":100,"column":null}},"type":"if","locations":[{"start":{"line":97,"column":4},"end":{"line":100,"column":null}},{"start":{"line":97,"column":4},"end":{"line":100,"column":null}}]},"8":{"loc":{"start":{"line":105,"column":23},"end":{"line":105,"column":25}},"type":"default-arg","locations":[{"start":{"line":105,"column":23},"end":{"line":105,"column":25}}]},"9":{"loc":{"start":{"line":105,"column":35},"end":{"line":105,"column":40}},"type":"default-arg","locations":[{"start":{"line":105,"column":35},"end":{"line":105,"column":40}}]},"10":{"loc":{"start":{"line":107,"column":2},"end":{"line":112,"column":null}},"type":"if","locations":[{"start":{"line":107,"column":2},"end":{"line":112,"column":null}},{"start":{"line":107,"column":2},"end":{"line":112,"column":null}}]},"11":{"loc":{"start":{"line":118,"column":2},"end":{"line":126,"column":null}},"type":"if","locations":[{"start":{"line":118,"column":2},"end":{"line":126,"column":null}},{"start":{"line":118,"column":2},"end":{"line":126,"column":null}}]},"12":{"loc":{"start":{"line":119,"column":4},"end":{"line":125,"column":null}},"type":"if","locations":[{"start":{"line":119,"column":4},"end":{"line":125,"column":null}},{"start":{"line":119,"column":4},"end":{"line":125,"column":null}}]},"13":{"loc":{"start":{"line":136,"column":4},"end":{"line":138,"column":null}},"type":"if","locations":[{"start":{"line":136,"column":4},"end":{"line":138,"column":null}},{"start":{"line":136,"column":4},"end":{"line":138,"column":null}}]},"14":{"loc":{"start":{"line":145,"column":2},"end":{"line":149,"column":null}},"type":"if","locations":[{"start":{"line":145,"column":2},"end":{"line":149,"column":null}},{"start":{"line":145,"column":2},"end":{"line":149,"column":null}}]},"15":{"loc":{"start":{"line":146,"column":4},"end":{"line":148,"column":null}},"type":"if","locations":[{"start":{"line":146,"column":4},"end":{"line":148,"column":null}},{"start":{"line":146,"column":4},"end":{"line":148,"column":null}}]},"16":{"loc":{"start":{"line":150,"column":2},"end":{"line":152,"column":null}},"type":"if","locations":[{"start":{"line":150,"column":2},"end":{"line":152,"column":null}},{"start":{"line":150,"column":2},"end":{"line":152,"column":null}}]}},"s":{"0":0,"1":0,"2":0,"3":0,"4":0,"5":0,"6":0,"7":0,"8":0,"9":0,"10":0,"11":0,"12":0,"13":0,"14":0,"15":0,"16":0,"17":0,"18":0,"19":0,"20":0,"21":0,"22":0,"23":0,"24":0,"25":0,"26":0,"27":0,"28":0,"29":0,"30":0,"31":0,"32":0,"33":0,"34":0,"35":0,"36":0,"37":0,"38":0,"39":0,"40":0,"41":0,"42":0,"43":0,"44":0,"45":0,"46":0,"47":0,"48":0,"49":0,"50":0,"51":0,"52":0,"53":0,"54":0,"55":0,"56":0,"57":0,"58":0,"59":0,"60":0,"61":0,"62":0,"63":0,"64":0,"65":0,"66":0,"67":0,"68":0,"69":0,"70":0,"71":0,"72":0,"73":0,"74":0,"75":0,"76":0,"77":0,"78":0,"79":0,"80":0,"81":0,"82":0,"83":0,"84":0,"85":0,"86":0,"87":0,"88":0,"89":0,"90":0,"91":0},"f":{"0":0,"1":0,"2":0,"3":0,"4":0,"5":0,"6":0,"7":0,"8":0,"9":0,"10":0,"11":0,"12":0,"13":0,"14":0,"15":0,"16":0,"17":0,"18":0,"19":0},"b":{"0":[0,0],"1":[0,0],"2":[0,0],"3":[0,0],"4":[0,0],"5":[0,0],"6":[0,0,0,0],"7":[0,0],"8":[0],"9":[0],"10":[0,0],"11":[0,0],"12":[0,0],"13":[0,0],"14":[0,0],"15":[0,0],"16":[0,0]}}
,"/home/divine/Documents/projects/hardocs/hardocs-fs/src/modules/image/index.ts": {"path":"/home/divine/Documents/projects/hardocs/hardocs-fs/src/modules/image/index.ts","statementMap":{"0":{"start":{"line":2,"column":0},"end":{"line":2,"column":25}},"1":{"start":{"line":3,"column":0},"end":{"line":3,"column":27}},"2":{"start":{"line":4,"column":0},"end":{"line":4,"column":30}},"3":{"start":{"line":5,"column":0},"end":{"line":5,"column":24}},"4":{"start":{"line":7,"column":25},"end":{"line":50,"column":1}},"5":{"start":{"line":8,"column":16},"end":{"line":8,"column":59}},"6":{"start":{"line":9,"column":17},"end":{"line":9,"column":59}},"7":{"start":{"line":17,"column":21},"end":{"line":20,"column":3}},"8":{"start":{"line":18,"column":4},"end":{"line":18,"column":61}},"9":{"start":{"line":18,"column":49},"end":{"line":18,"column":61}},"10":{"start":{"line":19,"column":4},"end":{"line":19,"column":17}},"11":{"start":{"line":21,"column":17},"end":{"line":48,"column":4}},"12":{"start":{"line":22,"column":22},"end":{"line":22,"column":37}},"13":{"start":{"line":23,"column":17},"end":{"line":23,"column":19}},"14":{"start":{"line":24,"column":4},"end":{"line":31,"column":null}},"15":{"start":{"line":30,"column":6},"end":{"line":30,"column":15}},"16":{"start":{"line":33,"column":4},"end":{"line":45,"column":null}},"17":{"start":{"line":38,"column":6},"end":{"line":38,"column":41}},"18":{"start":{"line":40,"column":6},"end":{"line":44,"column":null}},"19":{"start":{"line":41,"column":8},"end":{"line":41,"column":63}},"20":{"start":{"line":43,"column":8},"end":{"line":43,"column":69}},"21":{"start":{"line":46,"column":16},"end":{"line":46,"column":36}},"22":{"start":{"line":47,"column":4},"end":{"line":47,"column":31}},"23":{"start":{"line":49,"column":2},"end":{"line":49,"column":16}},"24":{"start":{"line":52,"column":18},"end":{"line":71,"column":1}},"25":{"start":{"line":53,"column":2},"end":{"line":55,"column":null}},"26":{"start":{"line":54,"column":4},"end":{"line":54,"column":18}},"27":{"start":{"line":56,"column":2},"end":{"line":56,"column":21}},"28":{"start":{"line":58,"column":19},"end":{"line":58,"column":44}},"29":{"start":{"line":60,"column":17},"end":{"line":69,"column":6}},"30":{"start":{"line":62,"column":6},"end":{"line":62,"column":24}},"31":{"start":{"line":62,"column":17},"end":{"line":62,"column":24}},"32":{"start":{"line":63,"column":16},"end":{"line":63,"column":64}},"33":{"start":{"line":64,"column":6},"end":{"line":64,"column":15}},"34":{"start":{"line":67,"column":6},"end":{"line":67,"column":29}},"35":{"start":{"line":67,"column":17},"end":{"line":67,"column":29}},"36":{"start":{"line":68,"column":6},"end":{"line":68,"column":33}},"37":{"start":{"line":70,"column":2},"end":{"line":70,"column":16}},"38":{"start":{"line":73,"column":34},"end":{"line":88,"column":2}},"39":{"start":{"line":75,"column":42},"end":{"line":88,"column":2}},"40":{"start":{"line":76,"column":2},"end":{"line":76,"column":16}},"41":{"start":{"line":77,"column":22},"end":{"line":77,"column":61}},"42":{"start":{"line":78,"column":2},"end":{"line":87,"column":null}},"43":{"start":{"line":79,"column":22},"end":{"line":79,"column":52}},"44":{"start":{"line":80,"column":4},"end":{"line":84,"column":null}},"45":{"start":{"line":81,"column":6},"end":{"line":81,"column":47}},"46":{"start":{"line":83,"column":6},"end":{"line":83,"column":29}},"47":{"start":{"line":86,"column":4},"end":{"line":86,"column":62}},"48":{"start":{"line":90,"column":0},"end":{"line":90,"column":74}}},"fnMap":{"0":{"name":"(anonymous_8)","decl":{"start":{"line":7,"column":25},"end":{"line":7,"column":26}},"loc":{"start":{"line":7,"column":57},"end":{"line":50,"column":1}}},"1":{"name":"(anonymous_9)","decl":{"start":{"line":17,"column":21},"end":{"line":17,"column":22}},"loc":{"start":{"line":17,"column":50},"end":{"line":20,"column":3}}},"2":{"name":"(anonymous_10)","decl":{"start":{"line":21,"column":41},"end":{"line":21,"column":42}},"loc":{"start":{"line":21,"column":47},"end":{"line":48,"column":3}}},"3":{"name":"(anonymous_11)","decl":{"start":{"line":52,"column":18},"end":{"line":52,"column":19}},"loc":{"start":{"line":52,"column":36},"end":{"line":71,"column":1}}},"4":{"name":"(anonymous_12)","decl":{"start":{"line":61,"column":12},"end":{"line":61,"column":13}},"loc":{"start":{"line":61,"column":21},"end":{"line":65,"column":5}}},"5":{"name":"(anonymous_13)","decl":{"start":{"line":66,"column":9},"end":{"line":66,"column":10}},"loc":{"start":{"line":66,"column":18},"end":{"line":69,"column":5}}},"6":{"name":"(anonymous_14)","decl":{"start":{"line":73,"column":34},"end":{"line":73,"column":41}},"loc":{"start":{"line":75,"column":42},"end":{"line":88,"column":2}}},"7":{"name":"(anonymous_15)","decl":{"start":{"line":75,"column":42},"end":{"line":75,"column":null}},"loc":{"start":{"line":75,"column":42},"end":{"line":88,"column":1}}}},"branchMap":{"0":{"loc":{"start":{"line":18,"column":4},"end":{"line":18,"column":61}},"type":"if","locations":[{"start":{"line":18,"column":4},"end":{"line":18,"column":61}},{"start":{"line":18,"column":4},"end":{"line":18,"column":61}}]},"1":{"loc":{"start":{"line":18,"column":8},"end":{"line":18,"column":22}},"type":"binary-expr","locations":[{"start":{"line":18,"column":8},"end":{"line":18,"column":22}},{"start":{"line":18,"column":26},"end":{"line":18,"column":47}}]},"2":{"loc":{"start":{"line":24,"column":4},"end":{"line":31,"column":null}},"type":"if","locations":[{"start":{"line":24,"column":4},"end":{"line":31,"column":null}},{"start":{"line":24,"column":4},"end":{"line":31,"column":null}}]},"3":{"loc":{"start":{"line":25,"column":6},"end":{"line":25,"column":16}},"type":"binary-expr","locations":[{"start":{"line":25,"column":6},"end":{"line":25,"column":16}},{"start":{"line":26,"column":6},"end":{"line":26,"column":23}},{"start":{"line":27,"column":6},"end":{"line":27,"column":26}},{"start":{"line":28,"column":6},"end":{"line":28,"column":38}}]},"4":{"loc":{"start":{"line":33,"column":4},"end":{"line":45,"column":null}},"type":"if","locations":[{"start":{"line":33,"column":4},"end":{"line":45,"column":null}},{"start":{"line":33,"column":4},"end":{"line":45,"column":null}}]},"5":{"loc":{"start":{"line":34,"column":6},"end":{"line":34,"column":53}},"type":"binary-expr","locations":[{"start":{"line":34,"column":6},"end":{"line":34,"column":53}},{"start":{"line":35,"column":6},"end":{"line":35,"column":50}},{"start":{"line":36,"column":6},"end":{"line":36,"column":54}}]},"6":{"loc":{"start":{"line":40,"column":6},"end":{"line":44,"column":null}},"type":"if","locations":[{"start":{"line":40,"column":6},"end":{"line":44,"column":null}},{"start":{"line":40,"column":6},"end":{"line":44,"column":null}}]},"7":{"loc":{"start":{"line":53,"column":2},"end":{"line":55,"column":null}},"type":"if","locations":[{"start":{"line":53,"column":2},"end":{"line":55,"column":null}},{"start":{"line":53,"column":2},"end":{"line":55,"column":null}}]},"8":{"loc":{"start":{"line":56,"column":2},"end":{"line":56,"column":6}},"type":"binary-expr","locations":[{"start":{"line":56,"column":2},"end":{"line":56,"column":6}},{"start":{"line":56,"column":2},"end":{"line":56,"column":20}}]},"9":{"loc":{"start":{"line":62,"column":6},"end":{"line":62,"column":24}},"type":"if","locations":[{"start":{"line":62,"column":6},"end":{"line":62,"column":24}},{"start":{"line":62,"column":6},"end":{"line":62,"column":24}}]},"10":{"loc":{"start":{"line":67,"column":6},"end":{"line":67,"column":29}},"type":"if","locations":[{"start":{"line":67,"column":6},"end":{"line":67,"column":29}},{"start":{"line":67,"column":6},"end":{"line":67,"column":29}}]},"11":{"loc":{"start":{"line":78,"column":2},"end":{"line":87,"column":null}},"type":"if","locations":[{"start":{"line":78,"column":2},"end":{"line":87,"column":null}},{"start":{"line":78,"column":2},"end":{"line":87,"column":null}}]},"12":{"loc":{"start":{"line":80,"column":4},"end":{"line":84,"column":null}},"type":"if","locations":[{"start":{"line":80,"column":4},"end":{"line":84,"column":null}},{"start":{"line":80,"column":4},"end":{"line":84,"column":null}}]}},"s":{"0":0,"1":0,"2":0,"3":0,"4":0,"5":0,"6":0,"7":0,"8":0,"9":0,"10":0,"11":0,"12":0,"13":0,"14":0,"15":0,"16":0,"17":0,"18":0,"19":0,"20":0,"21":0,"22":0,"23":0,"24":0,"25":0,"26":0,"27":0,"28":0,"29":0,"30":0,"31":0,"32":0,"33":0,"34":0,"35":0,"36":0,"37":0,"38":0,"39":0,"40":0,"41":0,"42":0,"43":0,"44":0,"45":0,"46":0,"47":0,"48":0},"f":{"0":0,"1":0,"2":0,"3":0,"4":0,"5":0,"6":0,"7":0},"b":{"0":[0,0],"1":[0,0],"2":[0,0],"3":[0,0,0,0],"4":[0,0],"5":[0,0,0],"6":[0,0],"7":[0,0],"8":[0,0],"9":[0,0],"10":[0,0],"11":[0,0],"12":[0,0]}}
,"/home/divine/Documents/projects/hardocs/hardocs-fs/src/modules/project/index.ts": {"path":"/home/divine/Documents/projects/hardocs/hardocs-fs/src/modules/project/index.ts","statementMap":{"0":{"start":{"line":2,"column":0},"end":{"line":2,"column":29}},"1":{"start":{"line":3,"column":0},"end":{"line":3,"column":31}},"2":{"start":{"line":5,"column":0},"end":{"line":5,"column":25}},"3":{"start":{"line":6,"column":0},"end":{"line":6,"column":31}},"4":{"start":{"line":7,"column":0},"end":{"line":7,"column":56}},"5":{"start":{"line":8,"column":0},"end":{"line":8,"column":27}},"6":{"start":{"line":10,"column":20},"end":{"line":10,"column":70}},"7":{"start":{"line":11,"column":21},"end":{"line":13,"column":null}},"8":{"start":{"line":17,"column":20},"end":{"line":56,"column":2}},"9":{"start":{"line":19,"column":14},"end":{"line":56,"column":2}},"10":{"start":{"line":20,"column":2},"end":{"line":22,"column":null}},"11":{"start":{"line":21,"column":4},"end":{"line":21,"column":25}},"12":{"start":{"line":23,"column":2},"end":{"line":23,"column":20}},"13":{"start":{"line":25,"column":22},"end":{"line":28,"column":4}},"14":{"start":{"line":29,"column":18},"end":{"line":29,"column":49}},"15":{"start":{"line":31,"column":2},"end":{"line":34,"column":null}},"16":{"start":{"line":32,"column":4},"end":{"line":32,"column":35}},"17":{"start":{"line":33,"column":4},"end":{"line":33,"column":11}},"18":{"start":{"line":36,"column":24},"end":{"line":36,"column":73}},"19":{"start":{"line":37,"column":22},"end":{"line":37,"column":70}},"20":{"start":{"line":39,"column":16},"end":{"line":40,"column":27}},"21":{"start":{"line":41,"column":22},"end":{"line":48,"column":58}},"22":{"start":{"line":43,"column":6},"end":{"line":45,"column":null}},"23":{"start":{"line":44,"column":8},"end":{"line":44,"column":34}},"24":{"start":{"line":46,"column":6},"end":{"line":46,"column":15}},"25":{"start":{"line":48,"column":18},"end":{"line":48,"column":56}},"26":{"start":{"line":50,"column":16},"end":{"line":53,"column":null}},"27":{"start":{"line":55,"column":2},"end":{"line":55,"column":18}},"28":{"start":{"line":58,"column":15},"end":{"line":115,"column":2}},"29":{"start":{"line":59,"column":52},"end":{"line":115,"column":2}},"30":{"start":{"line":60,"column":2},"end":{"line":113,"column":null}},"31":{"start":{"line":61,"column":24},"end":{"line":61,"column":47}},"32":{"start":{"line":62,"column":17},"end":{"line":62,"column":51}},"33":{"start":{"line":63,"column":4},"end":{"line":63,"column":24}},"34":{"start":{"line":64,"column":4},"end":{"line":71,"column":null}},"35":{"start":{"line":65,"column":6},"end":{"line":70,"column":null}},"36":{"start":{"line":66,"column":8},"end":{"line":66,"column":29}},"37":{"start":{"line":67,"column":8},"end":{"line":67,"column":28}},"38":{"start":{"line":69,"column":8},"end":{"line":69,"column":36}},"39":{"start":{"line":72,"column":4},"end":{"line":112,"column":null}},"40":{"start":{"line":73,"column":18},"end":{"line":76,"column":null}},"41":{"start":{"line":78,"column":25},"end":{"line":78,"column":44}},"42":{"start":{"line":79,"column":6},"end":{"line":79,"column":37}},"43":{"start":{"line":80,"column":26},"end":{"line":80,"column":54}},"44":{"start":{"line":82,"column":22},"end":{"line":82,"column":49}},"45":{"start":{"line":84,"column":6},"end":{"line":87,"column":null}},"46":{"start":{"line":85,"column":8},"end":{"line":85,"column":41}},"47":{"start":{"line":89,"column":6},"end":{"line":89,"column":34}},"48":{"start":{"line":90,"column":6},"end":{"line":94,"column":8}},"49":{"start":{"line":96,"column":21},"end":{"line":99,"column":8}},"50":{"start":{"line":101,"column":6},"end":{"line":105,"column":9}},"51":{"start":{"line":102,"column":8},"end":{"line":104,"column":null}},"52":{"start":{"line":103,"column":10},"end":{"line":103,"column":35}},"53":{"start":{"line":107,"column":23},"end":{"line":107,"column":55}},"54":{"start":{"line":109,"column":6},"end":{"line":109,"column":22}},"55":{"start":{"line":111,"column":6},"end":{"line":111,"column":26}},"56":{"start":{"line":114,"column":2},"end":{"line":114,"column":15}},"57":{"start":{"line":117,"column":27},"end":{"line":171,"column":2}},"58":{"start":{"line":119,"column":56},"end":{"line":171,"column":2}},"59":{"start":{"line":120,"column":2},"end":{"line":169,"column":null}},"60":{"start":{"line":121,"column":24},"end":{"line":121,"column":47}},"61":{"start":{"line":122,"column":17},"end":{"line":122,"column":28}},"62":{"start":{"line":123,"column":4},"end":{"line":125,"column":null}},"63":{"start":{"line":124,"column":6},"end":{"line":124,"column":53}},"64":{"start":{"line":126,"column":4},"end":{"line":126,"column":24}},"65":{"start":{"line":127,"column":4},"end":{"line":168,"column":null}},"66":{"start":{"line":128,"column":18},"end":{"line":131,"column":null}},"67":{"start":{"line":133,"column":25},"end":{"line":133,"column":44}},"68":{"start":{"line":134,"column":6},"end":{"line":134,"column":37}},"69":{"start":{"line":135,"column":26},"end":{"line":135,"column":54}},"70":{"start":{"line":137,"column":22},"end":{"line":137,"column":49}},"71":{"start":{"line":139,"column":6},"end":{"line":150,"column":null}},"72":{"start":{"line":142,"column":8},"end":{"line":142,"column":36}},"73":{"start":{"line":143,"column":8},"end":{"line":149,"column":null}},"74":{"start":{"line":144,"column":10},"end":{"line":148,"column":12}},"75":{"start":{"line":152,"column":21},"end":{"line":155,"column":8}},"76":{"start":{"line":157,"column":6},"end":{"line":161,"column":9}},"77":{"start":{"line":158,"column":8},"end":{"line":160,"column":null}},"78":{"start":{"line":159,"column":10},"end":{"line":159,"column":35}},"79":{"start":{"line":163,"column":23},"end":{"line":163,"column":50}},"80":{"start":{"line":165,"column":6},"end":{"line":165,"column":22}},"81":{"start":{"line":167,"column":6},"end":{"line":167,"column":26}},"82":{"start":{"line":170,"column":2},"end":{"line":170,"column":15}},"83":{"start":{"line":173,"column":0},"end":{"line":177,"column":2}}},"fnMap":{"0":{"name":"(anonymous_14)","decl":{"start":{"line":17,"column":20},"end":{"line":17,"column":27}},"loc":{"start":{"line":19,"column":14},"end":{"line":56,"column":2}}},"1":{"name":"(anonymous_15)","decl":{"start":{"line":19,"column":14},"end":{"line":19,"column":null}},"loc":{"start":{"line":19,"column":14},"end":{"line":56,"column":1}}},"2":{"name":"(anonymous_16)","decl":{"start":{"line":42,"column":9},"end":{"line":42,"column":10}},"loc":{"start":{"line":42,"column":15},"end":{"line":47,"column":5}}},"3":{"name":"(anonymous_17)","decl":{"start":{"line":48,"column":10},"end":{"line":48,"column":11}},"loc":{"start":{"line":48,"column":18},"end":{"line":48,"column":56}}},"4":{"name":"(anonymous_18)","decl":{"start":{"line":58,"column":15},"end":{"line":58,"column":22}},"loc":{"start":{"line":59,"column":52},"end":{"line":115,"column":2}}},"5":{"name":"(anonymous_19)","decl":{"start":{"line":59,"column":52},"end":{"line":59,"column":null}},"loc":{"start":{"line":59,"column":52},"end":{"line":115,"column":1}}},"6":{"name":"(anonymous_20)","decl":{"start":{"line":101,"column":52},"end":{"line":101,"column":53}},"loc":{"start":{"line":101,"column":60},"end":{"line":105,"column":7}}},"7":{"name":"(anonymous_21)","decl":{"start":{"line":117,"column":27},"end":{"line":117,"column":34}},"loc":{"start":{"line":119,"column":56},"end":{"line":171,"column":2}}},"8":{"name":"(anonymous_22)","decl":{"start":{"line":119,"column":56},"end":{"line":119,"column":null}},"loc":{"start":{"line":119,"column":56},"end":{"line":171,"column":1}}},"9":{"name":"(anonymous_23)","decl":{"start":{"line":157,"column":52},"end":{"line":157,"column":53}},"loc":{"start":{"line":157,"column":60},"end":{"line":161,"column":7}}}},"branchMap":{"0":{"loc":{"start":{"line":18,"column":27},"end":{"line":18,"column":32}},"type":"default-arg","locations":[{"start":{"line":18,"column":27},"end":{"line":18,"column":32}}]},"1":{"loc":{"start":{"line":20,"column":2},"end":{"line":22,"column":null}},"type":"if","locations":[{"start":{"line":20,"column":2},"end":{"line":22,"column":null}},{"start":{"line":20,"column":2},"end":{"line":22,"column":null}}]},"2":{"loc":{"start":{"line":31,"column":2},"end":{"line":34,"column":null}},"type":"if","locations":[{"start":{"line":31,"column":2},"end":{"line":34,"column":null}},{"start":{"line":31,"column":2},"end":{"line":34,"column":null}}]},"3":{"loc":{"start":{"line":31,"column":6},"end":{"line":31,"column":14}},"type":"binary-expr","locations":[{"start":{"line":31,"column":6},"end":{"line":31,"column":14}},{"start":{"line":31,"column":18},"end":{"line":31,"column":39}}]},"4":{"loc":{"start":{"line":43,"column":6},"end":{"line":45,"column":null}},"type":"if","locations":[{"start":{"line":43,"column":6},"end":{"line":45,"column":null}},{"start":{"line":43,"column":6},"end":{"line":45,"column":null}}]},"5":{"loc":{"start":{"line":48,"column":50},"end":{"line":48,"column":52}},"type":"cond-expr","locations":[{"start":{"line":48,"column":50},"end":{"line":48,"column":52}},{"start":{"line":48,"column":55},"end":{"line":48,"column":56}}]},"6":{"loc":{"start":{"line":60,"column":2},"end":{"line":113,"column":null}},"type":"if","locations":[{"start":{"line":60,"column":2},"end":{"line":113,"column":null}},{"start":{"line":60,"column":2},"end":{"line":113,"column":null}}]},"7":{"loc":{"start":{"line":61,"column":24},"end":{"line":61,"column":34}},"type":"binary-expr","locations":[{"start":{"line":61,"column":24},"end":{"line":61,"column":34}},{"start":{"line":61,"column":38},"end":{"line":61,"column":47}}]},"8":{"loc":{"start":{"line":64,"column":4},"end":{"line":71,"column":null}},"type":"if","locations":[{"start":{"line":64,"column":4},"end":{"line":71,"column":null}},{"start":{"line":64,"column":4},"end":{"line":71,"column":null}}]},"9":{"loc":{"start":{"line":84,"column":6},"end":{"line":87,"column":null}},"type":"if","locations":[{"start":{"line":84,"column":6},"end":{"line":87,"column":null}},{"start":{"line":84,"column":6},"end":{"line":87,"column":null}}]},"10":{"loc":{"start":{"line":102,"column":8},"end":{"line":104,"column":null}},"type":"if","locations":[{"start":{"line":102,"column":8},"end":{"line":104,"column":null}},{"start":{"line":102,"column":8},"end":{"line":104,"column":null}}]},"11":{"loc":{"start":{"line":120,"column":2},"end":{"line":169,"column":null}},"type":"if","locations":[{"start":{"line":120,"column":2},"end":{"line":169,"column":null}},{"start":{"line":120,"column":2},"end":{"line":169,"column":null}}]},"12":{"loc":{"start":{"line":121,"column":24},"end":{"line":121,"column":34}},"type":"binary-expr","locations":[{"start":{"line":121,"column":24},"end":{"line":121,"column":34}},{"start":{"line":121,"column":38},"end":{"line":121,"column":47}}]},"13":{"loc":{"start":{"line":123,"column":4},"end":{"line":125,"column":null}},"type":"if","locations":[{"start":{"line":123,"column":4},"end":{"line":125,"column":null}},{"start":{"line":123,"column":4},"end":{"line":125,"column":null}}]},"14":{"loc":{"start":{"line":139,"column":6},"end":{"line":150,"column":null}},"type":"if","locations":[{"start":{"line":139,"column":6},"end":{"line":150,"column":null}},{"start":{"line":139,"column":6},"end":{"line":150,"column":null}}]},"15":{"loc":{"start":{"line":143,"column":8},"end":{"line":149,"column":null}},"type":"if","locations":[{"start":{"line":143,"column":8},"end":{"line":149,"column":null}},{"start":{"line":143,"column":8},"end":{"line":149,"column":null}}]},"16":{"loc":{"start":{"line":158,"column":8},"end":{"line":160,"column":null}},"type":"if","locations":[{"start":{"line":158,"column":8},"end":{"line":160,"column":null}},{"start":{"line":158,"column":8},"end":{"line":160,"column":null}}]}},"s":{"0":0,"1":0,"2":0,"3":0,"4":0,"5":0,"6":0,"7":0,"8":0,"9":0,"10":0,"11":0,"12":0,"13":0,"14":0,"15":0,"16":0,"17":0,"18":0,"19":0,"20":0,"21":0,"22":0,"23":0,"24":0,"25":0,"26":0,"27":0,"28":0,"29":0,"30":0,"31":0,"32":0,"33":0,"34":0,"35":0,"36":0,"37":0,"38":0,"39":0,"40":0,"41":0,"42":0,"43":0,"44":0,"45":0,"46":0,"47":0,"48":0,"49":0,"50":0,"51":0,"52":0,"53":0,"54":0,"55":0,"56":0,"57":0,"58":0,"59":0,"60":0,"61":0,"62":0,"63":0,"64":0,"65":0,"66":0,"67":0,"68":0,"69":0,"70":0,"71":0,"72":0,"73":0,"74":0,"75":0,"76":0,"77":0,"78":0,"79":0,"80":0,"81":0,"82":0,"83":0},"f":{"0":0,"1":0,"2":0,"3":0,"4":0,"5":0,"6":0,"7":0,"8":0,"9":0},"b":{"0":[0],"1":[0,0],"2":[0,0],"3":[0,0],"4":[0,0],"5":[0,0],"6":[0,0],"7":[0,0],"8":[0,0],"9":[0,0],"10":[0,0],"11":[0,0],"12":[0,0],"13":[0,0],"14":[0,0],"15":[0,0],"16":[0,0]}}
,"/home/divine/Documents/projects/hardocs/hardocs-fs/src/typings/declarations.d.ts": {"path":"/home/divine/Documents/projects/hardocs/hardocs-fs/src/typings/declarations.d.ts","statementMap":{},"fnMap":{},"branchMap":{},"s":{},"f":{},"b":{},"inputSourceMap":null}
,"/home/divine/Documents/projects/hardocs/hardocs-fs/src/typings/schema.d.ts": {"path":"/home/divine/Documents/projects/hardocs/hardocs-fs/src/typings/schema.d.ts","statementMap":{},"fnMap":{},"branchMap":{},"s":{},"f":{},"b":{},"inputSourceMap":null}
,"/home/divine/Documents/projects/hardocs/hardocs-fs/src/utils/constants.ts": {"path":"/home/divine/Documents/projects/hardocs/hardocs-fs/src/utils/constants.ts","statementMap":{"0":{"start":{"line":1,"column":0},"end":{"line":1,"column":29}},"1":{"start":{"line":3,"column":13},"end":{"line":3,"column":69}},"2":{"start":{"line":3,"column":44},"end":{"line":3,"column":68}},"3":{"start":{"line":5,"column":13},"end":{"line":5,"column":62}},"4":{"start":{"line":6,"column":13},"end":{"line":6,"column":62}},"5":{"start":{"line":7,"column":13},"end":{"line":7,"column":56}}},"fnMap":{"0":{"name":"(anonymous_6)","decl":{"start":{"line":3,"column":29},"end":{"line":3,"column":30}},"loc":{"start":{"line":3,"column":44},"end":{"line":3,"column":68}}}},"branchMap":{},"s":{"0":0,"1":0,"2":0,"3":0,"4":0,"5":0},"f":{"0":0},"b":{}}
}
