{"/home/divine/Documents/projects/hardocs/hardocs-fs/src/index.ts": {"path":"/home/divine/Documents/projects/hardocs/hardocs-fs/src/index.ts","statementMap":{"0":{"start":{"line":1,"column":0},"end":{"line":1,"column":44}},"1":{"start":{"line":3,"column":0},"end":{"line":6,"column":null}},"2":{"start":{"line":7,"column":0},"end":{"line":7,"column":26}}},"fnMap":{},"branchMap":{"0":{"loc":{"start":{"line":3,"column":0},"end":{"line":6,"column":null}},"type":"if","locations":[{"start":{"line":3,"column":0},"end":{"line":6,"column":null}},{"start":{"line":3,"column":0},"end":{"line":6,"column":null}}]}},"s":{"0":0,"1":0,"2":0},"f":{},"b":{"0":[0,0]}}
,"/home/divine/Documents/projects/hardocs/hardocs-fs/src/modules/index.ts": {"path":"/home/divine/Documents/projects/hardocs/hardocs-fs/src/modules/index.ts","statementMap":{"0":{"start":{"line":1,"column":0},"end":{"line":1,"column":9}},"1":{"start":{"line":1,"column":9},"end":{"line":1,"column":23}},"2":{"start":{"line":2,"column":0},"end":{"line":2,"column":9}},"3":{"start":{"line":2,"column":9},"end":{"line":2,"column":24}},"4":{"start":{"line":3,"column":0},"end":{"line":3,"column":9}},"5":{"start":{"line":3,"column":9},"end":{"line":3,"column":28}},"6":{"start":{"line":6,"column":0},"end":{"line":6,"column":9}},"7":{"start":{"line":6,"column":9},"end":{"line":6,"column":27}}},"fnMap":{"0":{"name":"(anonymous_1)","decl":{"start":{"line":1,"column":9},"end":{"line":1,"column":16}},"loc":{"start":{"line":1,"column":9},"end":{"line":1,"column":23}}},"1":{"name":"(anonymous_2)","decl":{"start":{"line":2,"column":9},"end":{"line":2,"column":16}},"loc":{"start":{"line":2,"column":9},"end":{"line":2,"column":24}}},"2":{"name":"(anonymous_3)","decl":{"start":{"line":3,"column":9},"end":{"line":3,"column":16}},"loc":{"start":{"line":3,"column":9},"end":{"line":3,"column":28}}},"3":{"name":"(anonymous_4)","decl":{"start":{"line":6,"column":9},"end":{"line":6,"column":16}},"loc":{"start":{"line":6,"column":9},"end":{"line":6,"column":27}}}},"branchMap":{},"s":{"0":0,"1":0,"2":0,"3":0,"4":0,"5":0,"6":0,"7":0},"f":{"0":0,"1":0,"2":0,"3":0},"b":{}}
,"/home/divine/Documents/projects/hardocs/hardocs-fs/src/modules/cwd/index.ts": {"path":"/home/divine/Documents/projects/hardocs/hardocs-fs/src/modules/cwd/index.ts","statementMap":{"0":{"start":{"line":1,"column":0},"end":{"line":1,"column":25}},"1":{"start":{"line":2,"column":0},"end":{"line":2,"column":29}},"2":{"start":{"line":4,"column":18},"end":{"line":4,"column":31}},"3":{"start":{"line":6,"column":18},"end":{"line":13,"column":1}},"4":{"start":{"line":7,"column":2},"end":{"line":7,"column":39}},"5":{"start":{"line":7,"column":26},"end":{"line":7,"column":39}},"6":{"start":{"line":8,"column":19},"end":{"line":8,"column":49}},"7":{"start":{"line":9,"column":2},"end":{"line":11,"column":null}},"8":{"start":{"line":10,"column":4},"end":{"line":10,"column":46}},"9":{"start":{"line":12,"column":2},"end":{"line":12,"column":15}},"10":{"start":{"line":15,"column":0},"end":{"line":28,"column":2}},"11":{"start":{"line":16,"column":13},"end":{"line":16,"column":16}},"12":{"start":{"line":17,"column":31},"end":{"line":27,"column":null}},"13":{"start":{"line":18,"column":19},"end":{"line":18,"column":35}},"14":{"start":{"line":20,"column":4},"end":{"line":20,"column":38}},"15":{"start":{"line":20,"column":31},"end":{"line":20,"column":38}},"16":{"start":{"line":21,"column":4},"end":{"line":21,"column":17}},"17":{"start":{"line":22,"column":4},"end":{"line":26,"column":null}},"18":{"start":{"line":23,"column":6},"end":{"line":23,"column":35}},"19":{"start":{"line":25,"column":6},"end":{"line":25,"column":23}}},"fnMap":{"0":{"name":"(anonymous_13)","decl":{"start":{"line":6,"column":18},"end":{"line":6,"column":19}},"loc":{"start":{"line":6,"column":36},"end":{"line":13,"column":1}}},"1":{"name":"(anonymous_14)","decl":{"start":{"line":16,"column":7},"end":{"line":16,"column":10}},"loc":{"start":{"line":16,"column":13},"end":{"line":16,"column":16}}},"2":{"name":"(anonymous_15)","decl":{"start":{"line":17,"column":7},"end":{"line":17,"column":14}},"loc":{"start":{"line":17,"column":31},"end":{"line":27,"column":null}}},"3":{"name":"(anonymous_16)","decl":{"start":{"line":17,"column":31},"end":{"line":17,"column":null}},"loc":{"start":{"line":17,"column":31},"end":{"line":27,"column":3}}}},"branchMap":{"0":{"loc":{"start":{"line":7,"column":2},"end":{"line":7,"column":39}},"type":"if","locations":[{"start":{"line":7,"column":2},"end":{"line":7,"column":39}},{"start":{"line":7,"column":2},"end":{"line":7,"column":39}}]},"1":{"loc":{"start":{"line":9,"column":2},"end":{"line":11,"column":null}},"type":"if","locations":[{"start":{"line":9,"column":2},"end":{"line":11,"column":null}},{"start":{"line":9,"column":2},"end":{"line":11,"column":null}}]},"2":{"loc":{"start":{"line":20,"column":4},"end":{"line":20,"column":38}},"type":"if","locations":[{"start":{"line":20,"column":4},"end":{"line":20,"column":38}},{"start":{"line":20,"column":4},"end":{"line":20,"column":38}}]}},"s":{"0":3,"1":3,"2":3,"3":3,"4":1,"5":0,"6":1,"7":1,"8":0,"9":1,"10":3,"11":2,"12":1,"13":1,"14":1,"15":0,"16":1,"17":1,"18":1,"19":0},"f":{"0":1,"1":2,"2":1,"3":1},"b":{"0":[0,1],"1":[0,1],"2":[0,1]}}
,"/home/divine/Documents/projects/hardocs/hardocs-fs/src/modules/file/index.ts": {"path":"/home/divine/Documents/projects/hardocs/hardocs-fs/src/modules/file/index.ts","statementMap":{"0":{"start":{"line":1,"column":0},"end":{"line":1,"column":25}},"1":{"start":{"line":2,"column":0},"end":{"line":2,"column":24}},"2":{"start":{"line":4,"column":0},"end":{"line":4,"column":25}},"3":{"start":{"line":5,"column":0},"end":{"line":5,"column":31}},"4":{"start":{"line":6,"column":0},"end":{"line":6,"column":56}},"5":{"start":{"line":10,"column":17},"end":{"line":39,"column":1}},"6":{"start":{"line":11,"column":2},"end":{"line":38,"column":null}},"7":{"start":{"line":12,"column":4},"end":{"line":14,"column":null}},"8":{"start":{"line":13,"column":6},"end":{"line":13,"column":23}},"9":{"start":{"line":15,"column":21},"end":{"line":15,"column":51}},"10":{"start":{"line":17,"column":18},"end":{"line":17,"column":42}},"11":{"start":{"line":18,"column":21},"end":{"line":18,"column":36}},"12":{"start":{"line":20,"column":16},"end":{"line":20,"column":40}},"13":{"start":{"line":22,"column":21},"end":{"line":22,"column":42}},"14":{"start":{"line":24,"column":4},"end":{"line":26,"column":null}},"15":{"start":{"line":25,"column":6},"end":{"line":25,"column":26}},"16":{"start":{"line":28,"column":4},"end":{"line":28,"column":47}},"17":{"start":{"line":29,"column":4},"end":{"line":29,"column":41}},"18":{"start":{"line":31,"column":4},"end":{"line":35,"column":6}},"19":{"start":{"line":37,"column":4},"end":{"line":37,"column":32}},"20":{"start":{"line":41,"column":20},"end":{"line":60,"column":2}},"21":{"start":{"line":43,"column":35},"end":{"line":60,"column":2}},"22":{"start":{"line":44,"column":28},"end":{"line":44,"column":33}},"23":{"start":{"line":45,"column":2},"end":{"line":47,"column":null}},"24":{"start":{"line":46,"column":4},"end":{"line":46,"column":40}},"25":{"start":{"line":49,"column":18},"end":{"line":49,"column":22}},"26":{"start":{"line":50,"column":2},"end":{"line":59,"column":null}},"27":{"start":{"line":51,"column":4},"end":{"line":51,"column":61}},"28":{"start":{"line":53,"column":4},"end":{"line":53,"column":16}},"29":{"start":{"line":55,"column":4},"end":{"line":58,"column":6}},"30":{"start":{"line":66,"column":25},"end":{"line":72,"column":1}},"31":{"start":{"line":67,"column":2},"end":{"line":69,"column":null}},"32":{"start":{"line":68,"column":4},"end":{"line":68,"column":25}},"33":{"start":{"line":70,"column":19},"end":{"line":70,"column":53}},"34":{"start":{"line":71,"column":2},"end":{"line":71,"column":18}},"35":{"start":{"line":74,"column":27},"end":{"line":95,"column":1}},"36":{"start":{"line":80,"column":2},"end":{"line":82,"column":null}},"37":{"start":{"line":81,"column":4},"end":{"line":81,"column":77}},"38":{"start":{"line":84,"column":21},"end":{"line":84,"column":40}},"39":{"start":{"line":86,"column":2},"end":{"line":88,"column":null}},"40":{"start":{"line":87,"column":4},"end":{"line":87,"column":73}},"41":{"start":{"line":89,"column":30},"end":{"line":91,"column":null}},"42":{"start":{"line":93,"column":22},"end":{"line":93,"column":45}},"43":{"start":{"line":94,"column":2},"end":{"line":94,"column":37}},"44":{"start":{"line":97,"column":27},"end":{"line":112,"column":2}},"45":{"start":{"line":97,"column":68},"end":{"line":112,"column":2}},"46":{"start":{"line":98,"column":2},"end":{"line":111,"column":null}},"47":{"start":{"line":101,"column":17},"end":{"line":103,"column":6}},"48":{"start":{"line":105,"column":20},"end":{"line":107,"column":6}},"49":{"start":{"line":108,"column":4},"end":{"line":108,"column":19}},"50":{"start":{"line":110,"column":4},"end":{"line":110,"column":50}},"51":{"start":{"line":114,"column":22},"end":{"line":121,"column":2}},"52":{"start":{"line":114,"column":57},"end":{"line":121,"column":2}},"53":{"start":{"line":115,"column":2},"end":{"line":117,"column":null}},"54":{"start":{"line":116,"column":4},"end":{"line":116,"column":34}},"55":{"start":{"line":119,"column":19},"end":{"line":119,"column":33}},"56":{"start":{"line":120,"column":2},"end":{"line":120,"column":18}},"57":{"start":{"line":123,"column":27},"end":{"line":132,"column":2}},"58":{"start":{"line":123,"column":55},"end":{"line":132,"column":2}},"59":{"start":{"line":124,"column":31},"end":{"line":124,"column":53}},"60":{"start":{"line":125,"column":2},"end":{"line":131,"column":null}},"61":{"start":{"line":126,"column":4},"end":{"line":128,"column":7}},"62":{"start":{"line":127,"column":6},"end":{"line":127,"column":25}},"63":{"start":{"line":130,"column":4},"end":{"line":130,"column":41}},"64":{"start":{"line":134,"column":20},"end":{"line":138,"column":1}},"65":{"start":{"line":135,"column":19},"end":{"line":135,"column":38}},"66":{"start":{"line":136,"column":20},"end":{"line":136,"column":49}},"67":{"start":{"line":137,"column":2},"end":{"line":137,"column":61}},"68":{"start":{"line":140,"column":15},"end":{"line":142,"column":1}},"69":{"start":{"line":141,"column":2},"end":{"line":141,"column":29}},"70":{"start":{"line":144,"column":19},"end":{"line":186,"column":1}},"71":{"start":{"line":145,"column":2},"end":{"line":150,"column":null}},"72":{"start":{"line":146,"column":4},"end":{"line":149,"column":6}},"73":{"start":{"line":152,"column":2},"end":{"line":157,"column":null}},"74":{"start":{"line":153,"column":4},"end":{"line":156,"column":6}},"75":{"start":{"line":158,"column":2},"end":{"line":183,"column":5}},"76":{"start":{"line":159,"column":4},"end":{"line":164,"column":null}},"77":{"start":{"line":160,"column":6},"end":{"line":163,"column":8}},"78":{"start":{"line":167,"column":4},"end":{"line":172,"column":null}},"79":{"start":{"line":168,"column":6},"end":{"line":171,"column":8}},"80":{"start":{"line":173,"column":4},"end":{"line":181,"column":7}},"81":{"start":{"line":174,"column":6},"end":{"line":179,"column":null}},"82":{"start":{"line":175,"column":8},"end":{"line":178,"column":10}},"83":{"start":{"line":180,"column":6},"end":{"line":180,"column":18}},"84":{"start":{"line":182,"column":4},"end":{"line":182,"column":16}},"85":{"start":{"line":185,"column":2},"end":{"line":185,"column":14}},"86":{"start":{"line":187,"column":0},"end":{"line":199,"column":2}}},"fnMap":{"0":{"name":"(anonymous_14)","decl":{"start":{"line":10,"column":17},"end":{"line":10,"column":18}},"loc":{"start":{"line":10,"column":34},"end":{"line":39,"column":1}}},"1":{"name":"(anonymous_15)","decl":{"start":{"line":41,"column":20},"end":{"line":41,"column":null}},"loc":{"start":{"line":43,"column":35},"end":{"line":60,"column":2}}},"2":{"name":"(anonymous_16)","decl":{"start":{"line":43,"column":35},"end":{"line":43,"column":null}},"loc":{"start":{"line":43,"column":35},"end":{"line":60,"column":1}}},"3":{"name":"(anonymous_17)","decl":{"start":{"line":66,"column":25},"end":{"line":66,"column":26}},"loc":{"start":{"line":66,"column":47},"end":{"line":72,"column":1}}},"4":{"name":"(anonymous_18)","decl":{"start":{"line":74,"column":27},"end":{"line":74,"column":null}},"loc":{"start":{"line":79,"column":4},"end":{"line":95,"column":1}}},"5":{"name":"(anonymous_19)","decl":{"start":{"line":97,"column":27},"end":{"line":97,"column":34}},"loc":{"start":{"line":97,"column":68},"end":{"line":112,"column":2}}},"6":{"name":"(anonymous_20)","decl":{"start":{"line":97,"column":68},"end":{"line":97,"column":null}},"loc":{"start":{"line":97,"column":68},"end":{"line":112,"column":1}}},"7":{"name":"(anonymous_21)","decl":{"start":{"line":114,"column":22},"end":{"line":114,"column":29}},"loc":{"start":{"line":114,"column":57},"end":{"line":121,"column":2}}},"8":{"name":"(anonymous_22)","decl":{"start":{"line":114,"column":57},"end":{"line":114,"column":null}},"loc":{"start":{"line":114,"column":57},"end":{"line":121,"column":1}}},"9":{"name":"(anonymous_23)","decl":{"start":{"line":123,"column":27},"end":{"line":123,"column":34}},"loc":{"start":{"line":123,"column":55},"end":{"line":132,"column":2}}},"10":{"name":"(anonymous_24)","decl":{"start":{"line":123,"column":55},"end":{"line":123,"column":null}},"loc":{"start":{"line":123,"column":55},"end":{"line":132,"column":1}}},"11":{"name":"(anonymous_25)","decl":{"start":{"line":126,"column":36},"end":{"line":126,"column":37}},"loc":{"start":{"line":126,"column":42},"end":{"line":128,"column":5}}},"12":{"name":"(anonymous_26)","decl":{"start":{"line":134,"column":20},"end":{"line":134,"column":21}},"loc":{"start":{"line":134,"column":37},"end":{"line":138,"column":1}}},"13":{"name":"(anonymous_27)","decl":{"start":{"line":140,"column":15},"end":{"line":140,"column":16}},"loc":{"start":{"line":140,"column":41},"end":{"line":142,"column":1}}},"14":{"name":"(anonymous_28)","decl":{"start":{"line":144,"column":19},"end":{"line":144,"column":20}},"loc":{"start":{"line":144,"column":58},"end":{"line":186,"column":1}}},"15":{"name":"(anonymous_29)","decl":{"start":{"line":158,"column":16},"end":{"line":158,"column":17}},"loc":{"start":{"line":158,"column":30},"end":{"line":183,"column":3}}},"16":{"name":"(anonymous_30)","decl":{"start":{"line":173,"column":20},"end":{"line":173,"column":21}},"loc":{"start":{"line":173,"column":28},"end":{"line":181,"column":5}}}},"branchMap":{"0":{"loc":{"start":{"line":12,"column":4},"end":{"line":14,"column":null}},"type":"if","locations":[{"start":{"line":12,"column":4},"end":{"line":14,"column":null}},{"start":{"line":12,"column":4},"end":{"line":14,"column":null}}]},"1":{"loc":{"start":{"line":24,"column":4},"end":{"line":26,"column":null}},"type":"if","locations":[{"start":{"line":24,"column":4},"end":{"line":26,"column":null}},{"start":{"line":24,"column":4},"end":{"line":26,"column":null}}]},"2":{"loc":{"start":{"line":45,"column":2},"end":{"line":47,"column":null}},"type":"if","locations":[{"start":{"line":45,"column":2},"end":{"line":47,"column":null}},{"start":{"line":45,"column":2},"end":{"line":47,"column":null}}]},"3":{"loc":{"start":{"line":67,"column":2},"end":{"line":69,"column":null}},"type":"if","locations":[{"start":{"line":67,"column":2},"end":{"line":69,"column":null}},{"start":{"line":67,"column":2},"end":{"line":69,"column":null}}]},"4":{"loc":{"start":{"line":80,"column":2},"end":{"line":82,"column":null}},"type":"if","locations":[{"start":{"line":80,"column":2},"end":{"line":82,"column":null}},{"start":{"line":80,"column":2},"end":{"line":82,"column":null}}]},"5":{"loc":{"start":{"line":86,"column":2},"end":{"line":88,"column":null}},"type":"if","locations":[{"start":{"line":86,"column":2},"end":{"line":88,"column":null}},{"start":{"line":86,"column":2},"end":{"line":88,"column":null}}]},"6":{"loc":{"start":{"line":115,"column":2},"end":{"line":117,"column":null}},"type":"if","locations":[{"start":{"line":115,"column":2},"end":{"line":117,"column":null}},{"start":{"line":115,"column":2},"end":{"line":117,"column":null}}]},"7":{"loc":{"start":{"line":137,"column":9},"end":{"line":137,"column":47}},"type":"binary-expr","locations":[{"start":{"line":137,"column":9},"end":{"line":137,"column":47}},{"start":{"line":137,"column":51},"end":{"line":137,"column":60}}]},"8":{"loc":{"start":{"line":145,"column":2},"end":{"line":150,"column":null}},"type":"if","locations":[{"start":{"line":145,"column":2},"end":{"line":150,"column":null}},{"start":{"line":145,"column":2},"end":{"line":150,"column":null}}]},"9":{"loc":{"start":{"line":152,"column":2},"end":{"line":157,"column":null}},"type":"if","locations":[{"start":{"line":152,"column":2},"end":{"line":157,"column":null}},{"start":{"line":152,"column":2},"end":{"line":157,"column":null}}]},"10":{"loc":{"start":{"line":159,"column":4},"end":{"line":164,"column":null}},"type":"if","locations":[{"start":{"line":159,"column":4},"end":{"line":164,"column":null}},{"start":{"line":159,"column":4},"end":{"line":164,"column":null}}]},"11":{"loc":{"start":{"line":167,"column":4},"end":{"line":172,"column":null}},"type":"if","locations":[{"start":{"line":167,"column":4},"end":{"line":172,"column":null}},{"start":{"line":167,"column":4},"end":{"line":172,"column":null}}]},"12":{"loc":{"start":{"line":174,"column":6},"end":{"line":179,"column":null}},"type":"if","locations":[{"start":{"line":174,"column":6},"end":{"line":179,"column":null}},{"start":{"line":174,"column":6},"end":{"line":179,"column":null}}]}},"s":{"0":2,"1":2,"2":2,"3":2,"4":2,"5":2,"6":2,"7":2,"8":0,"9":2,"10":2,"11":2,"12":2,"13":2,"14":2,"15":2,"16":2,"17":2,"18":2,"19":0,"20":2,"21":4,"22":4,"23":4,"24":0,"25":4,"26":4,"27":4,"28":4,"29":0,"30":2,"31":4,"32":0,"33":4,"34":4,"35":2,"36":5,"37":0,"38":5,"39":5,"40":0,"41":5,"42":4,"43":4,"44":2,"45":0,"46":0,"47":0,"48":0,"49":0,"50":0,"51":2,"52":0,"53":0,"54":0,"55":0,"56":0,"57":2,"58":4,"59":4,"60":4,"61":4,"62":2,"63":0,"64":2,"65":2,"66":2,"67":2,"68":2,"69":0,"70":2,"71":0,"72":0,"73":0,"74":0,"75":0,"76":0,"77":0,"78":0,"79":0,"80":0,"81":0,"82":0,"83":0,"84":0,"85":0,"86":2},"f":{"0":2,"1":4,"2":4,"3":4,"4":5,"5":0,"6":0,"7":0,"8":0,"9":4,"10":4,"11":2,"12":2,"13":0,"14":0,"15":0,"16":0},"b":{"0":[0,2],"1":[2,0],"2":[0,4],"3":[0,4],"4":[0,5],"5":[0,5],"6":[0,0],"7":[2,2],"8":[0,0],"9":[0,0],"10":[0,0],"11":[0,0],"12":[0,0]}}
,"/home/divine/Documents/projects/hardocs/hardocs-fs/src/modules/folder/constants.ts": {"path":"/home/divine/Documents/projects/hardocs/hardocs-fs/src/modules/folder/constants.ts","statementMap":{"0":{"start":{"line":1,"column":13},"end":{"line":1,"column":54}}},"fnMap":{},"branchMap":{},"s":{"0":0},"f":{},"b":{}}
,"/home/divine/Documents/projects/hardocs/hardocs-fs/src/modules/folder/index.ts": {"path":"/home/divine/Documents/projects/hardocs/hardocs-fs/src/modules/folder/index.ts","statementMap":{"0":{"start":{"line":1,"column":0},"end":{"line":1,"column":25}},"1":{"start":{"line":2,"column":0},"end":{"line":2,"column":29}},"2":{"start":{"line":3,"column":0},"end":{"line":3,"column":56}},"3":{"start":{"line":6,"column":2},"end":{"line":6,"column":75}},"4":{"start":{"line":7,"column":21},"end":{"line":7,"column":24}},"5":{"start":{"line":14,"column":13},"end":{"line":25,"column":1}},"6":{"start":{"line":15,"column":2},"end":{"line":17,"column":null}},"7":{"start":{"line":16,"column":4},"end":{"line":16,"column":23}},"8":{"start":{"line":18,"column":2},"end":{"line":24,"column":5}},"9":{"start":{"line":19,"column":4},"end":{"line":23,"column":null}},"10":{"start":{"line":20,"column":6},"end":{"line":20,"column":73}},"11":{"start":{"line":22,"column":6},"end":{"line":22,"column":62}},"12":{"start":{"line":27,"column":20},"end":{"line":35,"column":1}},"13":{"start":{"line":28,"column":2},"end":{"line":28,"column":48}},"14":{"start":{"line":29,"column":2},"end":{"line":34,"column":null}},"15":{"start":{"line":30,"column":4},"end":{"line":30,"column":64}},"16":{"start":{"line":32,"column":4},"end":{"line":32,"column":29}},"17":{"start":{"line":33,"column":4},"end":{"line":33,"column":17}},"18":{"start":{"line":37,"column":23},"end":{"line":42,"column":1}},"19":{"start":{"line":38,"column":2},"end":{"line":41,"column":4}},"20":{"start":{"line":44,"column":13},"end":{"line":63,"column":2}},"21":{"start":{"line":44,"column":36},"end":{"line":63,"column":2}},"22":{"start":{"line":45,"column":12},"end":{"line":45,"column":16}},"23":{"start":{"line":46,"column":2},"end":{"line":50,"column":null}},"24":{"start":{"line":47,"column":4},"end":{"line":49,"column":null}},"25":{"start":{"line":48,"column":6},"end":{"line":48,"column":34}},"26":{"start":{"line":52,"column":16},"end":{"line":52,"column":43}},"27":{"start":{"line":53,"column":2},"end":{"line":62,"column":46}},"28":{"start":{"line":55,"column":25},"end":{"line":55,"column":46}},"29":{"start":{"line":56,"column":6},"end":{"line":60,"column":8}},"30":{"start":{"line":62,"column":22},"end":{"line":62,"column":44}},"31":{"start":{"line":65,"column":17},"end":{"line":88,"column":1}},"32":{"start":{"line":66,"column":2},"end":{"line":87,"column":null}},"33":{"start":{"line":67,"column":21},"end":{"line":67,"column":67}},"34":{"start":{"line":68,"column":19},"end":{"line":71,"column":6}},"35":{"start":{"line":73,"column":4},"end":{"line":77,"column":null}},"36":{"start":{"line":79,"column":4},"end":{"line":82,"column":6}},"37":{"start":{"line":84,"column":4},"end":{"line":86,"column":null}},"38":{"start":{"line":85,"column":6},"end":{"line":85,"column":29}},"39":{"start":{"line":90,"column":20},"end":{"line":109,"column":1}},"40":{"start":{"line":92,"column":21},"end":{"line":92,"column":44}},"41":{"start":{"line":93,"column":21},"end":{"line":93,"column":58}},"42":{"start":{"line":95,"column":2},"end":{"line":108,"column":null}},"43":{"start":{"line":96,"column":4},"end":{"line":103,"column":null}},"44":{"start":{"line":97,"column":6},"end":{"line":101,"column":null}},"45":{"start":{"line":98,"column":21},"end":{"line":98,"column":56}},"46":{"start":{"line":100,"column":8},"end":{"line":100,"column":20}},"47":{"start":{"line":102,"column":6},"end":{"line":102,"column":50}},"48":{"start":{"line":104,"column":4},"end":{"line":104,"column":54}},"49":{"start":{"line":106,"column":4},"end":{"line":106,"column":23}},"50":{"start":{"line":107,"column":4},"end":{"line":107,"column":17}},"51":{"start":{"line":111,"column":25},"end":{"line":122,"column":1}},"52":{"start":{"line":112,"column":2},"end":{"line":121,"column":null}},"53":{"start":{"line":113,"column":16},"end":{"line":113,"column":32}},"54":{"start":{"line":114,"column":4},"end":{"line":114,"column":17}},"55":{"start":{"line":116,"column":4},"end":{"line":119,"column":null}},"56":{"start":{"line":117,"column":6},"end":{"line":118,"column":39}},"57":{"start":{"line":120,"column":4},"end":{"line":120,"column":17}},"58":{"start":{"line":124,"column":0},"end":{"line":132,"column":2}}},"fnMap":{"0":{"name":"(anonymous_13)","decl":{"start":{"line":14,"column":13},"end":{"line":14,"column":14}},"loc":{"start":{"line":14,"column":43},"end":{"line":25,"column":1}}},"1":{"name":"(anonymous_14)","decl":{"start":{"line":18,"column":30},"end":{"line":18,"column":31}},"loc":{"start":{"line":18,"column":42},"end":{"line":24,"column":3}}},"2":{"name":"(anonymous_15)","decl":{"start":{"line":27,"column":20},"end":{"line":27,"column":21}},"loc":{"start":{"line":27,"column":36},"end":{"line":35,"column":1}}},"3":{"name":"(anonymous_16)","decl":{"start":{"line":37,"column":23},"end":{"line":37,"column":24}},"loc":{"start":{"line":37,"column":39},"end":{"line":42,"column":1}}},"4":{"name":"(anonymous_17)","decl":{"start":{"line":44,"column":13},"end":{"line":44,"column":20}},"loc":{"start":{"line":44,"column":36},"end":{"line":63,"column":2}}},"5":{"name":"(anonymous_18)","decl":{"start":{"line":44,"column":36},"end":{"line":44,"column":null}},"loc":{"start":{"line":44,"column":36},"end":{"line":63,"column":1}}},"6":{"name":"(anonymous_19)","decl":{"start":{"line":54,"column":9},"end":{"line":54,"column":10}},"loc":{"start":{"line":54,"column":18},"end":{"line":61,"column":5}}},"7":{"name":"(anonymous_20)","decl":{"start":{"line":62,"column":12},"end":{"line":62,"column":13}},"loc":{"start":{"line":62,"column":22},"end":{"line":62,"column":44}}},"8":{"name":"(anonymous_21)","decl":{"start":{"line":65,"column":17},"end":{"line":65,"column":18}},"loc":{"start":{"line":65,"column":34},"end":{"line":88,"column":1}}},"9":{"name":"(anonymous_22)","decl":{"start":{"line":90,"column":20},"end":{"line":90,"column":21}},"loc":{"start":{"line":90,"column":41},"end":{"line":109,"column":1}}},"10":{"name":"(anonymous_23)","decl":{"start":{"line":111,"column":25},"end":{"line":111,"column":26}},"loc":{"start":{"line":111,"column":50},"end":{"line":122,"column":1}}}},"branchMap":{"0":{"loc":{"start":{"line":6,"column":2},"end":{"line":6,"column":39}},"type":"binary-expr","locations":[{"start":{"line":6,"column":2},"end":{"line":6,"column":39}},{"start":{"line":6,"column":43},"end":{"line":6,"column":75}}]},"1":{"loc":{"start":{"line":15,"column":2},"end":{"line":17,"column":null}},"type":"if","locations":[{"start":{"line":15,"column":2},"end":{"line":17,"column":null}},{"start":{"line":15,"column":2},"end":{"line":17,"column":null}}]},"2":{"loc":{"start":{"line":19,"column":4},"end":{"line":23,"column":null}},"type":"if","locations":[{"start":{"line":19,"column":4},"end":{"line":23,"column":null}},{"start":{"line":19,"column":4},"end":{"line":23,"column":null}}]},"3":{"loc":{"start":{"line":30,"column":11},"end":{"line":30,"column":29}},"type":"binary-expr","locations":[{"start":{"line":30,"column":11},"end":{"line":30,"column":29}},{"start":{"line":30,"column":33},"end":{"line":30,"column":63}}]},"4":{"loc":{"start":{"line":46,"column":2},"end":{"line":50,"column":null}},"type":"if","locations":[{"start":{"line":46,"column":2},"end":{"line":50,"column":null}},{"start":{"line":46,"column":2},"end":{"line":50,"column":null}}]},"5":{"loc":{"start":{"line":47,"column":4},"end":{"line":49,"column":null}},"type":"if","locations":[{"start":{"line":47,"column":4},"end":{"line":49,"column":null}},{"start":{"line":47,"column":4},"end":{"line":49,"column":null}}]},"6":{"loc":{"start":{"line":73,"column":4},"end":{"line":77,"column":null}},"type":"if","locations":[{"start":{"line":73,"column":4},"end":{"line":77,"column":null}},{"start":{"line":73,"column":4},"end":{"line":77,"column":null}}]},"7":{"loc":{"start":{"line":80,"column":7},"end":{"line":80,"column":25}},"type":"binary-expr","locations":[{"start":{"line":80,"column":7},"end":{"line":80,"column":25}},{"start":{"line":80,"column":29},"end":{"line":80,"column":40}},{"start":{"line":81,"column":7},"end":{"line":81,"column":24}},{"start":{"line":81,"column":28},"end":{"line":81,"column":42}}]},"8":{"loc":{"start":{"line":84,"column":4},"end":{"line":86,"column":null}},"type":"if","locations":[{"start":{"line":84,"column":4},"end":{"line":86,"column":null}},{"start":{"line":84,"column":4},"end":{"line":86,"column":null}}]},"9":{"loc":{"start":{"line":96,"column":4},"end":{"line":103,"column":null}},"type":"if","locations":[{"start":{"line":96,"column":4},"end":{"line":103,"column":null}},{"start":{"line":96,"column":4},"end":{"line":103,"column":null}}]},"10":{"loc":{"start":{"line":97,"column":6},"end":{"line":101,"column":null}},"type":"if","locations":[{"start":{"line":97,"column":6},"end":{"line":101,"column":null}},{"start":{"line":97,"column":6},"end":{"line":101,"column":null}}]},"11":{"loc":{"start":{"line":116,"column":4},"end":{"line":119,"column":null}},"type":"if","locations":[{"start":{"line":116,"column":4},"end":{"line":119,"column":null}},{"start":{"line":116,"column":4},"end":{"line":119,"column":null}}]}},"s":{"0":3,"1":3,"2":3,"3":3,"4":3,"5":3,"6":0,"7":0,"8":0,"9":0,"10":0,"11":0,"12":3,"13":8,"14":8,"15":8,"16":0,"17":0,"18":3,"19":0,"20":3,"21":0,"22":0,"23":0,"24":0,"25":0,"26":0,"27":0,"28":0,"29":0,"30":0,"31":3,"32":0,"33":0,"34":0,"35":0,"36":0,"37":0,"38":0,"39":3,"40":7,"41":7,"42":7,"43":7,"44":4,"45":4,"46":4,"47":0,"48":3,"49":0,"50":0,"51":3,"52":6,"53":6,"54":6,"55":0,"56":0,"57":0,"58":3},"f":{"0":0,"1":0,"2":8,"3":0,"4":0,"5":0,"6":0,"7":0,"8":0,"9":7,"10":6},"b":{"0":[3,3],"1":[0,0],"2":[0,0],"3":[8,5],"4":[0,0],"5":[0,0],"6":[0,0],"7":[0,0,0,0],"8":[0,0],"9":[4,3],"10":[4,0],"11":[0,0]}}
,"/home/divine/Documents/projects/hardocs/hardocs-fs/src/modules/metadata/defaultStandard.ts": {"path":"/home/divine/Documents/projects/hardocs/hardocs-fs/src/modules/metadata/defaultStandard.ts","statementMap":{"0":{"start":{"line":1,"column":13},"end":{"line":139,"column":2}}},"fnMap":{},"branchMap":{},"s":{"0":1},"f":{},"b":{}}
,"/home/divine/Documents/projects/hardocs/hardocs-fs/src/modules/metadata/index.ts": {"path":"/home/divine/Documents/projects/hardocs/hardocs-fs/src/modules/metadata/index.ts","statementMap":{"0":{"start":{"line":1,"column":0},"end":{"line":1,"column":60}},"1":{"start":{"line":2,"column":0},"end":{"line":2,"column":20}},"2":{"start":{"line":3,"column":0},"end":{"line":3,"column":28}},"3":{"start":{"line":4,"column":0},"end":{"line":4,"column":25}},"4":{"start":{"line":5,"column":0},"end":{"line":5,"column":27}},"5":{"start":{"line":6,"column":0},"end":{"line":6,"column":56}},"6":{"start":{"line":8,"column":19},"end":{"line":9,"column":48}},"7":{"start":{"line":9,"column":2},"end":{"line":9,"column":48}},"8":{"start":{"line":12,"column":24},"end":{"line":50,"column":2}},"9":{"start":{"line":12,"column":44},"end":{"line":50,"column":2}},"10":{"start":{"line":13,"column":59},"end":{"line":13,"column":63}},"11":{"start":{"line":15,"column":19},"end":{"line":15,"column":39}},"12":{"start":{"line":16,"column":2},"end":{"line":16,"column":70}},"13":{"start":{"line":18,"column":19},"end":{"line":30,"column":4}},"14":{"start":{"line":31,"column":17},"end":{"line":31,"column":55}},"15":{"start":{"line":33,"column":2},"end":{"line":36,"column":5}},"16":{"start":{"line":38,"column":2},"end":{"line":41,"column":5}},"17":{"start":{"line":42,"column":2},"end":{"line":47,"column":null}},"18":{"start":{"line":58,"column":20},"end":{"line":89,"column":2}},"19":{"start":{"line":58,"column":69},"end":{"line":89,"column":2}},"20":{"start":{"line":59,"column":28},"end":{"line":59,"column":39}},"21":{"start":{"line":60,"column":23},"end":{"line":60,"column":60}},"22":{"start":{"line":61,"column":19},"end":{"line":62,"column":null}},"23":{"start":{"line":64,"column":19},"end":{"line":64,"column":69}},"24":{"start":{"line":65,"column":15},"end":{"line":75,"column":4}},"25":{"start":{"line":77,"column":19},"end":{"line":78,"column":null}},"26":{"start":{"line":78,"column":16},"end":{"line":78,"column":44}},"27":{"start":{"line":80,"column":2},"end":{"line":86,"column":null}},"28":{"start":{"line":81,"column":4},"end":{"line":81,"column":32}},"29":{"start":{"line":82,"column":4},"end":{"line":85,"column":7}},"30":{"start":{"line":88,"column":2},"end":{"line":88,"column":18}},"31":{"start":{"line":99,"column":19},"end":{"line":112,"column":2}},"32":{"start":{"line":99,"column":57},"end":{"line":112,"column":2}},"33":{"start":{"line":100,"column":14},"end":{"line":100,"column":46}},"34":{"start":{"line":102,"column":17},"end":{"line":104,"column":4}},"35":{"start":{"line":106,"column":2},"end":{"line":111,"column":4}},"36":{"start":{"line":115,"column":30},"end":{"line":138,"column":2}},"37":{"start":{"line":115,"column":75},"end":{"line":138,"column":2}},"38":{"start":{"line":116,"column":2},"end":{"line":119,"column":null}},"39":{"start":{"line":117,"column":4},"end":{"line":117,"column":30}},"40":{"start":{"line":118,"column":4},"end":{"line":118,"column":23}},"41":{"start":{"line":121,"column":2},"end":{"line":135,"column":null}},"42":{"start":{"line":122,"column":4},"end":{"line":134,"column":null}},"43":{"start":{"line":123,"column":30},"end":{"line":125,"column":null}},"44":{"start":{"line":127,"column":28},"end":{"line":129,"column":null}},"45":{"start":{"line":132,"column":6},"end":{"line":132,"column":36}},"46":{"start":{"line":133,"column":6},"end":{"line":133,"column":41}},"47":{"start":{"line":137,"column":2},"end":{"line":137,"column":21}},"48":{"start":{"line":141,"column":27},"end":{"line":158,"column":2}},"49":{"start":{"line":141,"column":75},"end":{"line":158,"column":2}},"50":{"start":{"line":142,"column":23},"end":{"line":142,"column":61}},"51":{"start":{"line":144,"column":19},"end":{"line":145,"column":null}},"52":{"start":{"line":148,"column":2},"end":{"line":150,"column":4}},"53":{"start":{"line":149,"column":16},"end":{"line":149,"column":39}},"54":{"start":{"line":152,"column":2},"end":{"line":156,"column":5}},"55":{"start":{"line":157,"column":2},"end":{"line":157,"column":15}},"56":{"start":{"line":160,"column":0},"end":{"line":166,"column":2}}},"fnMap":{"0":{"name":"(anonymous_8)","decl":{"start":{"line":8,"column":19},"end":{"line":8,"column":20}},"loc":{"start":{"line":9,"column":2},"end":{"line":9,"column":48}}},"1":{"name":"(anonymous_9)","decl":{"start":{"line":12,"column":24},"end":{"line":12,"column":31}},"loc":{"start":{"line":12,"column":44},"end":{"line":50,"column":2}}},"2":{"name":"(anonymous_10)","decl":{"start":{"line":12,"column":44},"end":{"line":12,"column":null}},"loc":{"start":{"line":12,"column":44},"end":{"line":50,"column":1}}},"3":{"name":"(anonymous_11)","decl":{"start":{"line":58,"column":20},"end":{"line":58,"column":27}},"loc":{"start":{"line":58,"column":69},"end":{"line":89,"column":2}}},"4":{"name":"(anonymous_12)","decl":{"start":{"line":58,"column":69},"end":{"line":58,"column":null}},"loc":{"start":{"line":58,"column":69},"end":{"line":89,"column":1}}},"5":{"name":"(anonymous_13)","decl":{"start":{"line":78,"column":4},"end":{"line":78,"column":5}},"loc":{"start":{"line":78,"column":16},"end":{"line":78,"column":44}}},"6":{"name":"(anonymous_14)","decl":{"start":{"line":99,"column":19},"end":{"line":99,"column":26}},"loc":{"start":{"line":99,"column":57},"end":{"line":112,"column":2}}},"7":{"name":"(anonymous_15)","decl":{"start":{"line":99,"column":57},"end":{"line":99,"column":null}},"loc":{"start":{"line":99,"column":57},"end":{"line":112,"column":1}}},"8":{"name":"(anonymous_16)","decl":{"start":{"line":115,"column":30},"end":{"line":115,"column":37}},"loc":{"start":{"line":115,"column":75},"end":{"line":138,"column":2}}},"9":{"name":"(anonymous_17)","decl":{"start":{"line":115,"column":75},"end":{"line":115,"column":null}},"loc":{"start":{"line":115,"column":75},"end":{"line":138,"column":1}}},"10":{"name":"(anonymous_18)","decl":{"start":{"line":141,"column":27},"end":{"line":141,"column":34}},"loc":{"start":{"line":141,"column":75},"end":{"line":158,"column":2}}},"11":{"name":"(anonymous_19)","decl":{"start":{"line":141,"column":75},"end":{"line":141,"column":null}},"loc":{"start":{"line":141,"column":75},"end":{"line":158,"column":1}}},"12":{"name":"(anonymous_20)","decl":{"start":{"line":149,"column":4},"end":{"line":149,"column":5}},"loc":{"start":{"line":149,"column":16},"end":{"line":149,"column":39}}}},"branchMap":{"0":{"loc":{"start":{"line":25,"column":13},"end":{"line":25,"column":24}},"type":"cond-expr","locations":[{"start":{"line":25,"column":13},"end":{"line":25,"column":24}},{"start":{"line":25,"column":28},"end":{"line":25,"column":32}}]},"1":{"loc":{"start":{"line":25,"column":13},"end":{"line":25,"column":28}},"type":"binary-expr","locations":[{"start":{"line":25,"column":13},"end":{"line":25,"column":28}},{"start":{"line":25,"column":13},"end":{"line":25,"column":28}}]},"2":{"loc":{"start":{"line":80,"column":2},"end":{"line":86,"column":null}},"type":"if","locations":[{"start":{"line":80,"column":2},"end":{"line":86,"column":null}},{"start":{"line":80,"column":2},"end":{"line":86,"column":null}}]},"3":{"loc":{"start":{"line":100,"column":14},"end":{"line":100,"column":18}},"type":"cond-expr","locations":[{"start":{"line":100,"column":14},"end":{"line":100,"column":18}},{"start":{"line":100,"column":22},"end":{"line":100,"column":46}}]},"4":{"loc":{"start":{"line":100,"column":14},"end":{"line":100,"column":22}},"type":"binary-expr","locations":[{"start":{"line":100,"column":14},"end":{"line":100,"column":22}},{"start":{"line":100,"column":14},"end":{"line":100,"column":22}}]},"5":{"loc":{"start":{"line":116,"column":2},"end":{"line":119,"column":null}},"type":"if","locations":[{"start":{"line":116,"column":2},"end":{"line":119,"column":null}},{"start":{"line":116,"column":2},"end":{"line":119,"column":null}}]},"6":{"loc":{"start":{"line":122,"column":4},"end":{"line":134,"column":null}},"type":"if","locations":[{"start":{"line":122,"column":4},"end":{"line":134,"column":null}},{"start":{"line":122,"column":4},"end":{"line":134,"column":null}}]}},"s":{"0":2,"1":2,"2":2,"3":2,"4":2,"5":2,"6":2,"7":5,"8":2,"9":1,"10":1,"11":1,"12":1,"13":1,"14":1,"15":1,"16":1,"17":1,"18":2,"19":1,"20":1,"21":1,"22":1,"23":1,"24":1,"25":1,"26":0,"27":1,"28":1,"29":1,"30":1,"31":2,"32":1,"33":1,"34":1,"35":1,"36":2,"37":4,"38":4,"39":0,"40":0,"41":4,"42":0,"43":0,"44":0,"45":0,"46":0,"47":4,"48":2,"49":1,"50":1,"51":1,"52":1,"53":1,"54":1,"55":1,"56":2},"f":{"0":5,"1":1,"2":1,"3":1,"4":1,"5":0,"6":1,"7":1,"8":4,"9":4,"10":1,"11":1,"12":1},"b":{"0":[1,0],"1":[1,1],"2":[1,0],"3":[1,0],"4":[1,1],"5":[0,4],"6":[0,0]}}
,"/home/divine/Documents/projects/hardocs/hardocs-fs/src/modules/project/index.ts": {"path":"/home/divine/Documents/projects/hardocs/hardocs-fs/src/modules/project/index.ts","statementMap":{"0":{"start":{"line":1,"column":0},"end":{"line":1,"column":25}},"1":{"start":{"line":2,"column":0},"end":{"line":2,"column":29}},"2":{"start":{"line":3,"column":0},"end":{"line":3,"column":27}},"3":{"start":{"line":4,"column":0},"end":{"line":4,"column":31}},"4":{"start":{"line":5,"column":0},"end":{"line":5,"column":35}},"5":{"start":{"line":7,"column":0},"end":{"line":7,"column":56}},"6":{"start":{"line":9,"column":20},"end":{"line":57,"column":2}},"7":{"start":{"line":11,"column":59},"end":{"line":57,"column":2}},"8":{"start":{"line":12,"column":2},"end":{"line":18,"column":null}},"9":{"start":{"line":13,"column":4},"end":{"line":17,"column":6}},"10":{"start":{"line":20,"column":2},"end":{"line":56,"column":null}},"11":{"start":{"line":21,"column":28},"end":{"line":21,"column":61}},"12":{"start":{"line":23,"column":20},"end":{"line":23,"column":39}},"13":{"start":{"line":25,"column":4},"end":{"line":30,"column":null}},"14":{"start":{"line":26,"column":6},"end":{"line":29,"column":8}},"15":{"start":{"line":32,"column":20},"end":{"line":40,"column":null}},"16":{"start":{"line":37,"column":8},"end":{"line":40,"column":10}},"17":{"start":{"line":38,"column":10},"end":{"line":38,"column":50}},"18":{"start":{"line":39,"column":10},"end":{"line":39,"column":21}},"19":{"start":{"line":43,"column":17},"end":{"line":43,"column":76}},"20":{"start":{"line":44,"column":18},"end":{"line":47,"column":null}},"21":{"start":{"line":50,"column":4},"end":{"line":50,"column":20}},"22":{"start":{"line":52,"column":4},"end":{"line":55,"column":6}},"23":{"start":{"line":59,"column":15},"end":{"line":105,"column":2}},"24":{"start":{"line":61,"column":40},"end":{"line":105,"column":2}},"25":{"start":{"line":62,"column":2},"end":{"line":100,"column":null}},"26":{"start":{"line":63,"column":17},"end":{"line":63,"column":50}},"27":{"start":{"line":64,"column":4},"end":{"line":66,"column":null}},"28":{"start":{"line":65,"column":6},"end":{"line":65,"column":25}},"29":{"start":{"line":67,"column":23},"end":{"line":67,"column":42}},"30":{"start":{"line":69,"column":4},"end":{"line":99,"column":null}},"31":{"start":{"line":70,"column":6},"end":{"line":72,"column":null}},"32":{"start":{"line":71,"column":8},"end":{"line":71,"column":33}},"33":{"start":{"line":73,"column":26},"end":{"line":73,"column":54}},"34":{"start":{"line":75,"column":22},"end":{"line":75,"column":48}},"35":{"start":{"line":76,"column":6},"end":{"line":78,"column":null}},"36":{"start":{"line":77,"column":8},"end":{"line":77,"column":30}},"37":{"start":{"line":80,"column":21},"end":{"line":84,"column":8}},"38":{"start":{"line":85,"column":6},"end":{"line":89,"column":8}},"39":{"start":{"line":91,"column":23},"end":{"line":91,"column":69}},"40":{"start":{"line":93,"column":6},"end":{"line":93,"column":22}},"41":{"start":{"line":95,"column":6},"end":{"line":98,"column":8}},"42":{"start":{"line":101,"column":2},"end":{"line":104,"column":4}},"43":{"start":{"line":107,"column":0},"end":{"line":110,"column":2}}},"fnMap":{"0":{"name":"(anonymous_14)","decl":{"start":{"line":9,"column":20},"end":{"line":9,"column":27}},"loc":{"start":{"line":11,"column":59},"end":{"line":57,"column":2}}},"1":{"name":"(anonymous_15)","decl":{"start":{"line":11,"column":59},"end":{"line":11,"column":null}},"loc":{"start":{"line":11,"column":59},"end":{"line":57,"column":1}}},"2":{"name":"(anonymous_16)","decl":{"start":{"line":36,"column":12},"end":{"line":36,"column":13}},"loc":{"start":{"line":37,"column":8},"end":{"line":40,"column":10}}},"3":{"name":"(anonymous_17)","decl":{"start":{"line":37,"column":14},"end":{"line":37,"column":15}},"loc":{"start":{"line":37,"column":27},"end":{"line":40,"column":9}}},"4":{"name":"(anonymous_18)","decl":{"start":{"line":59,"column":15},"end":{"line":59,"column":null}},"loc":{"start":{"line":61,"column":40},"end":{"line":105,"column":2}}},"5":{"name":"(anonymous_19)","decl":{"start":{"line":61,"column":40},"end":{"line":61,"column":null}},"loc":{"start":{"line":61,"column":40},"end":{"line":105,"column":1}}}},"branchMap":{"0":{"loc":{"start":{"line":12,"column":2},"end":{"line":18,"column":null}},"type":"if","locations":[{"start":{"line":12,"column":2},"end":{"line":18,"column":null}},{"start":{"line":12,"column":2},"end":{"line":18,"column":null}}]},"1":{"loc":{"start":{"line":25,"column":4},"end":{"line":30,"column":null}},"type":"if","locations":[{"start":{"line":25,"column":4},"end":{"line":30,"column":null}},{"start":{"line":25,"column":4},"end":{"line":30,"column":null}}]},"2":{"loc":{"start":{"line":25,"column":8},"end":{"line":25,"column":16}},"type":"binary-expr","locations":[{"start":{"line":25,"column":8},"end":{"line":25,"column":16}},{"start":{"line":25,"column":20},"end":{"line":25,"column":41}}]},"3":{"loc":{"start":{"line":62,"column":2},"end":{"line":100,"column":null}},"type":"if","locations":[{"start":{"line":62,"column":2},"end":{"line":100,"column":null}},{"start":{"line":62,"column":2},"end":{"line":100,"column":null}}]},"4":{"loc":{"start":{"line":64,"column":4},"end":{"line":66,"column":null}},"type":"if","locations":[{"start":{"line":64,"column":4},"end":{"line":66,"column":null}},{"start":{"line":64,"column":4},"end":{"line":66,"column":null}}]},"5":{"loc":{"start":{"line":70,"column":6},"end":{"line":72,"column":null}},"type":"if","locations":[{"start":{"line":70,"column":6},"end":{"line":72,"column":null}},{"start":{"line":70,"column":6},"end":{"line":72,"column":null}}]},"6":{"loc":{"start":{"line":76,"column":6},"end":{"line":78,"column":null}},"type":"if","locations":[{"start":{"line":76,"column":6},"end":{"line":78,"column":null}},{"start":{"line":76,"column":6},"end":{"line":78,"column":null}}]}},"s":{"0":2,"1":2,"2":2,"3":2,"4":2,"5":2,"6":2,"7":5,"8":5,"9":0,"10":5,"11":5,"12":4,"13":4,"14":0,"15":4,"16":4,"17":2,"18":2,"19":4,"20":4,"21":4,"22":1,"23":2,"24":1,"25":1,"26":1,"27":1,"28":0,"29":1,"30":1,"31":1,"32":0,"33":1,"34":1,"35":1,"36":0,"37":1,"38":1,"39":1,"40":1,"41":0,"42":0,"43":2},"f":{"0":5,"1":5,"2":4,"3":2,"4":1,"5":1},"b":{"0":[0,5],"1":[0,4],"2":[4,4],"3":[1,0],"4":[0,1],"5":[0,1],"6":[0,1]}}
,"/home/divine/Documents/projects/hardocs/hardocs-fs/src/typings/schema.d.ts": {"path":"/home/divine/Documents/projects/hardocs/hardocs-fs/src/typings/schema.d.ts","statementMap":{},"fnMap":{},"branchMap":{},"s":{},"f":{},"b":{},"inputSourceMap":null}
,"/home/divine/Documents/projects/hardocs/hardocs-fs/src/utils/constants.ts": {"path":"/home/divine/Documents/projects/hardocs/hardocs-fs/src/utils/constants.ts","statementMap":{"0":{"start":{"line":1,"column":0},"end":{"line":1,"column":29}},"1":{"start":{"line":3,"column":13},"end":{"line":3,"column":69}},"2":{"start":{"line":3,"column":44},"end":{"line":3,"column":68}},"3":{"start":{"line":5,"column":13},"end":{"line":5,"column":62}},"4":{"start":{"line":6,"column":13},"end":{"line":6,"column":62}},"5":{"start":{"line":7,"column":13},"end":{"line":7,"column":56}}},"fnMap":{"0":{"name":"(anonymous_6)","decl":{"start":{"line":3,"column":29},"end":{"line":3,"column":30}},"loc":{"start":{"line":3,"column":44},"end":{"line":3,"column":68}}}},"branchMap":{},"s":{"0":3,"1":3,"2":14,"3":3,"4":3,"5":3},"f":{"0":14},"b":{}}
}
