TN:
SF:src/index.ts
FNF:0
FNH:0
DA:1,0
DA:3,0
DA:7,0
LF:3
LH:0
BRDA:3,0,0,0
BRDA:3,0,1,0
BRF:2
BRH:0
end_of_record
TN:
SF:src/modules/index.ts
FN:1,(anonymous_1)
FN:2,(anonymous_2)
FN:5,(anonymous_3)
FNF:3
FNH:0
FNDA:0,(anonymous_1)
FNDA:0,(anonymous_2)
FNDA:0,(anonymous_3)
DA:1,0
DA:2,0
DA:5,0
LF:3
LH:0
BRF:0
BRH:0
end_of_record
TN:
SF:src/modules/cwd/index.ts
FN:6,(anonymous_13)
FN:16,(anonymous_14)
FN:17,(anonymous_15)
FN:17,(anonymous_16)
FNF:4
FNH:4
FNDA:3,(anonymous_13)
FNDA:7,(anonymous_14)
FNDA:3,(anonymous_15)
FNDA:3,(anonymous_16)
DA:1,4
DA:2,4
DA:4,4
DA:6,4
DA:7,3
DA:8,3
DA:9,3
DA:10,0
DA:12,3
DA:15,4
DA:16,7
DA:17,3
DA:18,3
DA:20,3
DA:21,3
DA:22,3
DA:23,3
DA:25,0
LF:18
LH:16
BRDA:7,0,0,0
BRDA:7,0,1,3
BRDA:9,1,0,0
BRDA:9,1,1,3
BRDA:20,2,0,0
BRDA:20,2,1,3
BRF:6
BRH:3
end_of_record
TN:
SF:src/modules/file/index.ts
FN:15,(anonymous_14)
FN:38,(anonymous_15)
FN:73,(anonymous_16)
FN:81,(anonymous_17)
FN:84,(anonymous_18)
FN:105,(anonymous_19)
FN:130,(anonymous_20)
FN:134,(anonymous_21)
FN:146,(anonymous_22)
FN:146,(anonymous_23)
FN:155,(anonymous_24)
FN:155,(anonymous_25)
FN:158,(anonymous_26)
FN:177,(anonymous_27)
FN:183,(anonymous_28)
FN:187,(anonymous_29)
FN:197,(anonymous_30)
FN:205,(anonymous_31)
FNF:18
FNH:12
FNDA:3,(anonymous_14)
FNDA:0,(anonymous_15)
FNDA:3,(anonymous_16)
FNDA:0,(anonymous_17)
FNDA:0,(anonymous_18)
FNDA:2,(anonymous_19)
FNDA:1,(anonymous_20)
FNDA:1,(anonymous_21)
FNDA:1,(anonymous_22)
FNDA:1,(anonymous_23)
FNDA:1,(anonymous_24)
FNDA:1,(anonymous_25)
FNDA:1,(anonymous_26)
FNDA:4,(anonymous_27)
FNDA:1,(anonymous_28)
FNDA:0,(anonymous_29)
FNDA:0,(anonymous_30)
FNDA:0,(anonymous_31)
DA:1,3
DA:2,3
DA:4,3
DA:5,3
DA:7,3
DA:8,3
DA:12,3
DA:15,3
DA:16,3
DA:17,3
DA:18,0
DA:20,3
DA:21,3
DA:22,3
DA:24,3
DA:26,3
DA:34,0
DA:38,3
DA:39,0
DA:40,0
DA:41,0
DA:43,0
DA:55,0
DA:58,0
DA:59,0
DA:66,0
DA:73,3
DA:74,3
DA:75,0
DA:77,3
DA:78,3
DA:81,3
DA:84,0
DA:85,0
DA:86,0
DA:89,0
DA:90,0
DA:93,0
DA:97,0
DA:101,0
DA:102,0
DA:105,3
DA:113,2
DA:114,0
DA:116,2
DA:117,0
DA:120,2
DA:122,2
DA:123,0
DA:125,2
DA:126,2
DA:127,2
DA:130,3
DA:134,1
DA:135,1
DA:136,1
DA:137,1
DA:140,1
DA:142,0
DA:146,3
DA:147,1
DA:148,1
DA:151,1
DA:152,1
DA:155,3
DA:156,1
DA:157,1
DA:158,1
DA:159,1
DA:162,1
DA:170,1
DA:173,0
DA:177,3
DA:178,4
DA:179,4
DA:180,4
DA:183,3
DA:184,1
DA:187,3
DA:190,0
DA:191,0
DA:194,0
DA:195,0
DA:197,0
DA:198,0
DA:199,0
DA:201,0
DA:202,0
DA:203,0
DA:205,0
DA:206,0
DA:207,0
DA:209,0
DA:210,0
DA:212,0
DA:215,0
DA:217,3
LF:97
LH:55
BRDA:15,0,0,1
BRDA:17,1,0,0
BRDA:17,1,1,3
BRDA:31,2,0,0
BRDA:31,2,1,3
BRDA:40,3,0,0
BRDA:40,3,1,0
BRDA:74,4,0,0
BRDA:74,4,1,3
BRDA:85,5,0,0
BRDA:85,5,1,0
BRDA:89,6,0,0
BRDA:89,6,1,0
BRDA:107,7,0,0
BRDA:113,8,0,0
BRDA:113,8,1,2
BRDA:113,9,0,2
BRDA:113,9,1,2
BRDA:116,10,0,0
BRDA:116,10,1,2
BRDA:122,11,0,0
BRDA:122,11,1,2
BRDA:147,12,0,1
BRDA:147,12,1,0
BRDA:180,13,0,4
BRDA:180,13,1,4
BRDA:190,14,0,0
BRDA:190,14,1,0
BRDA:194,15,0,0
BRDA:194,15,1,0
BRDA:198,16,0,0
BRDA:198,16,1,0
BRDA:201,17,0,0
BRDA:201,17,1,0
BRDA:206,18,0,0
BRDA:206,18,1,0
BRF:36
BRH:12
end_of_record
TN:
SF:src/modules/folder/constants.ts
FNF:0
FNH:0
DA:1,0
LF:1
LH:0
BRF:0
BRH:0
end_of_record
TN:
SF:src/modules/folder/index.ts
FN:18,(anonymous_14)
FN:22,(anonymous_15)
FN:31,(anonymous_16)
FN:41,(anonymous_17)
FN:48,(anonymous_18)
FN:53,(anonymous_19)
FN:53,(anonymous_20)
FN:58,(anonymous_21)
FN:64,(anonymous_22)
FN:75,(anonymous_23)
FN:75,(anonymous_24)
FN:85,(anonymous_25)
FN:93,(anonymous_26)
FN:96,(anonymous_27)
FN:123,(anonymous_28)
FN:148,(anonymous_29)
FN:164,(anonymous_30)
FN:164,(anonymous_31)
FN:182,(anonymous_32)
FNF:19
FNH:3
FNDA:0,(anonymous_14)
FNDA:0,(anonymous_15)
FNDA:6,(anonymous_16)
FNDA:0,(anonymous_17)
FNDA:0,(anonymous_18)
FNDA:0,(anonymous_19)
FNDA:0,(anonymous_20)
FNDA:0,(anonymous_21)
FNDA:0,(anonymous_22)
FNDA:0,(anonymous_23)
FNDA:0,(anonymous_24)
FNDA:0,(anonymous_25)
FNDA:0,(anonymous_26)
FNDA:0,(anonymous_27)
FNDA:4,(anonymous_28)
FNDA:3,(anonymous_29)
FNDA:0,(anonymous_30)
FNDA:0,(anonymous_31)
FNDA:0,(anonymous_32)
DA:1,3
DA:2,3
DA:3,3
DA:6,3
DA:7,3
DA:10,3
DA:11,3
DA:18,3
DA:19,0
DA:20,0
DA:22,0
DA:23,0
DA:24,0
DA:26,0
DA:31,3
DA:32,6
DA:33,6
DA:34,6
DA:36,0
DA:37,0
DA:41,3
DA:42,0
DA:48,3
DA:49,0
DA:50,0
DA:53,3
DA:54,0
DA:55,0
DA:58,3
DA:59,0
DA:60,0
DA:61,0
DA:64,3
DA:65,0
DA:66,0
DA:67,0
DA:70,0
DA:71,0
DA:72,0
DA:75,3
DA:76,0
DA:77,0
DA:78,0
DA:79,0
DA:83,0
DA:84,0
DA:86,0
DA:87,0
DA:93,0
DA:96,3
DA:97,0
DA:98,0
DA:99,0
DA:104,0
DA:105,0
DA:107,0
DA:111,0
DA:116,0
DA:117,0
DA:118,0
DA:123,3
DA:124,4
DA:125,0
DA:129,4
DA:130,4
DA:132,4
DA:133,4
DA:134,4
DA:135,4
DA:137,4
DA:139,0
DA:141,0
DA:143,0
DA:144,0
DA:148,3
DA:152,3
DA:153,3
DA:154,3
DA:156,0
DA:157,0
DA:160,0
DA:164,3
DA:165,0
DA:166,0
DA:167,0
DA:168,0
DA:171,0
DA:172,0
DA:174,0
DA:177,0
DA:179,0
DA:182,3
DA:183,0
DA:184,0
DA:186,0
DA:189,3
LF:96
LH:35
BRDA:10,0,0,3
BRDA:10,0,1,3
BRDA:19,1,0,0
BRDA:19,1,1,0
BRDA:23,2,0,0
BRDA:23,2,1,0
BRDA:34,3,0,6
BRDA:34,3,1,5
BRDA:65,4,0,0
BRDA:65,4,1,0
BRDA:77,5,0,0
BRDA:77,5,1,0
BRDA:78,6,0,0
BRDA:78,6,1,0
BRDA:104,7,0,0
BRDA:104,7,1,0
BRDA:112,8,0,0
BRDA:112,8,1,0
BRDA:112,8,2,0
BRDA:112,8,3,0
BRDA:116,9,0,0
BRDA:116,9,1,0
BRDA:123,10,0,0
BRDA:123,11,0,0
BRDA:124,12,0,0
BRDA:124,12,1,4
BRDA:133,13,0,4
BRDA:133,13,1,0
BRDA:134,14,0,4
BRDA:134,14,1,0
BRDA:150,15,0,0
BRDA:156,16,0,0
BRDA:156,16,1,0
BRDA:166,17,0,0
BRDA:166,17,1,0
BRDA:167,18,0,0
BRDA:167,18,1,0
BRDA:171,19,0,0
BRDA:171,19,1,0
BRDA:183,20,0,0
BRDA:183,20,1,0
BRF:41
BRH:7
end_of_record
TN:
SF:src/modules/image/index.ts
FN:7,(anonymous_1)
FN:17,(anonymous_2)
FN:21,(anonymous_3)
FN:52,(anonymous_4)
FN:61,(anonymous_5)
FN:66,(anonymous_6)
FN:73,(anonymous_7)
FNF:7
FNH:0
FNDA:0,(anonymous_1)
FNDA:0,(anonymous_2)
FNDA:0,(anonymous_3)
FNDA:0,(anonymous_4)
FNDA:0,(anonymous_5)
FNDA:0,(anonymous_6)
FNDA:0,(anonymous_7)
DA:2,0
DA:3,0
DA:4,0
DA:5,0
DA:7,0
DA:8,0
DA:9,0
DA:17,0
DA:18,0
DA:19,0
DA:21,0
DA:22,0
DA:23,0
DA:24,0
DA:30,0
DA:33,0
DA:38,0
DA:40,0
DA:41,0
DA:43,0
DA:46,0
DA:47,0
DA:49,0
DA:52,0
DA:53,0
DA:54,0
DA:56,0
DA:58,0
DA:60,0
DA:62,0
DA:63,0
DA:64,0
DA:67,0
DA:68,0
DA:70,0
DA:73,0
DA:76,0
DA:77,0
DA:78,0
DA:79,0
DA:80,0
DA:81,0
DA:83,0
DA:86,0
DA:90,0
LF:45
LH:0
BRDA:18,0,0,0
BRDA:18,0,1,0
BRDA:18,1,0,0
BRDA:18,1,1,0
BRDA:24,2,0,0
BRDA:24,2,1,0
BRDA:25,3,0,0
BRDA:25,3,1,0
BRDA:25,3,2,0
BRDA:25,3,3,0
BRDA:33,4,0,0
BRDA:33,4,1,0
BRDA:34,5,0,0
BRDA:34,5,1,0
BRDA:34,5,2,0
BRDA:40,6,0,0
BRDA:40,6,1,0
BRDA:53,7,0,0
BRDA:53,7,1,0
BRDA:56,8,0,0
BRDA:56,8,1,0
BRDA:62,9,0,0
BRDA:62,9,1,0
BRDA:67,10,0,0
BRDA:67,10,1,0
BRDA:78,11,0,0
BRDA:78,11,1,0
BRDA:80,12,0,0
BRDA:80,12,1,0
BRF:29
BRH:0
end_of_record
TN:
SF:src/modules/project/index.ts
FN:18,(anonymous_14)
FN:21,(anonymous_15)
FN:56,(anonymous_16)
FN:62,(anonymous_17)
FN:79,(anonymous_18)
FN:85,(anonymous_19)
FN:86,(anonymous_20)
FN:95,(anonymous_21)
FN:97,(anonymous_22)
FN:120,(anonymous_23)
FN:120,(anonymous_24)
FN:158,(anonymous_25)
FN:160,(anonymous_26)
FN:202,(anonymous_27)
FNF:14
FNH:5
FNDA:1,(anonymous_14)
FNDA:1,(anonymous_15)
FNDA:1,(anonymous_16)
FNDA:0,(anonymous_17)
FNDA:0,(anonymous_18)
FNDA:0,(anonymous_19)
FNDA:0,(anonymous_20)
FNDA:1,(anonymous_21)
FNDA:1,(anonymous_22)
FNDA:0,(anonymous_23)
FNDA:0,(anonymous_24)
FNDA:0,(anonymous_25)
FNDA:0,(anonymous_26)
FNDA:0,(anonymous_27)
DA:2,1
DA:3,1
DA:4,1
DA:6,1
DA:7,1
DA:8,1
DA:9,1
DA:11,1
DA:12,1
DA:18,1
DA:21,1
DA:22,1
DA:23,0
DA:29,1
DA:30,0
DA:33,1
DA:35,1
DA:40,1
DA:42,1
DA:43,0
DA:49,1
DA:50,1
DA:52,1
DA:55,1
DA:57,1
DA:58,1
DA:60,1
DA:62,0
DA:64,1
DA:71,1
DA:79,1
DA:80,0
DA:85,0
DA:86,0
DA:87,0
DA:88,0
DA:95,1
DA:97,1
DA:98,1
DA:99,1
DA:100,1
DA:101,1
DA:102,1
DA:103,0
DA:104,0
DA:107,1
DA:108,1
DA:113,1
DA:115,1
DA:116,0
DA:118,1
DA:120,1
DA:121,0
DA:126,1
DA:128,1
DA:129,0
DA:133,1
DA:134,0
DA:136,1
DA:142,1
DA:144,1
DA:146,0
DA:152,0
DA:158,1
DA:160,0
DA:161,0
DA:162,0
DA:163,0
DA:164,0
DA:165,0
DA:167,0
DA:168,0
DA:169,0
DA:174,0
DA:175,0
DA:176,0
DA:178,0
DA:180,0
DA:182,0
DA:185,0
DA:186,0
DA:188,0
DA:189,0
DA:197,0
DA:202,0
DA:203,0
DA:204,0
DA:208,0
DA:210,0
DA:212,0
DA:215,0
DA:218,1
LF:92
LH:48
BRDA:20,0,0,0
BRDA:22,1,0,0
BRDA:22,1,1,1
BRDA:22,2,0,1
BRDA:22,2,1,1
BRDA:29,3,0,0
BRDA:29,3,1,1
BRDA:42,4,0,0
BRDA:42,4,1,1
BRDA:42,5,0,1
BRDA:42,5,1,1
BRDA:57,6,0,1
BRDA:57,6,1,0
BRDA:62,7,0,0
BRDA:62,7,1,0
BRDA:87,8,0,0
BRDA:87,8,1,0
BRDA:98,9,0,1
BRDA:98,9,1,0
BRDA:99,10,0,1
BRDA:99,10,1,1
BRDA:102,11,0,0
BRDA:102,11,1,1
BRDA:115,12,0,0
BRDA:115,12,1,1
BRDA:128,13,0,0
BRDA:128,13,1,1
BRDA:133,14,0,0
BRDA:133,14,1,1
BRDA:161,15,0,0
BRDA:161,15,1,0
BRDA:162,16,0,0
BRDA:162,16,1,0
BRDA:164,17,0,0
BRDA:164,17,1,0
BRDA:175,18,0,0
BRDA:175,18,1,0
BRDA:182,19,0,0
BRDA:182,19,1,0
BRDA:185,20,0,0
BRDA:185,20,1,0
BRDA:188,21,0,0
BRDA:188,21,1,0
BRDA:203,22,0,0
BRDA:203,22,1,0
BRF:45
BRH:15
end_of_record
TN:
SF:src/typings/schema.d.ts
FNF:0
FNH:0
LF:0
LH:0
BRF:0
BRH:0
end_of_record
TN:
SF:src/utils/constants.ts
FN:3,(anonymous_6)
FNF:1
FNH:1
FNDA:7,(anonymous_6)
DA:1,3
DA:3,7
DA:5,3
DA:6,3
DA:7,3
LF:5
LH:5
BRF:0
BRH:0
end_of_record
