TN:
SF:src/index.ts
FNF:0
FNH:0
DA:1,0
DA:3,0
DA:7,0
LF:3
LH:0
BRDA:3,0,0,0
BRDA:3,0,1,0
BRF:2
BRH:0
end_of_record
TN:
SF:src/modules/index.ts
FN:1,(anonymous_1)
FN:2,(anonymous_2)
FN:3,(anonymous_3)
FN:6,(anonymous_4)
FNF:4
FNH:0
FNDA:0,(anonymous_1)
FNDA:0,(anonymous_2)
FNDA:0,(anonymous_3)
FNDA:0,(anonymous_4)
DA:1,0
DA:2,0
DA:3,0
DA:6,0
LF:4
LH:0
BRF:0
BRH:0
end_of_record
TN:
SF:src/modules/cwd/index.ts
FN:6,(anonymous_13)
FN:16,(anonymous_14)
FN:17,(anonymous_15)
FN:17,(anonymous_16)
FNF:4
FNH:4
FNDA:1,(anonymous_13)
FNDA:2,(anonymous_14)
FNDA:1,(anonymous_15)
FNDA:1,(anonymous_16)
DA:1,3
DA:2,3
DA:4,3
DA:6,3
DA:7,1
DA:8,1
DA:9,1
DA:10,0
DA:12,1
DA:15,3
DA:16,2
DA:17,1
DA:18,1
DA:20,1
DA:21,1
DA:22,1
DA:23,1
DA:25,0
LF:18
LH:16
BRDA:7,0,0,0
BRDA:7,0,1,1
BRDA:9,1,0,0
BRDA:9,1,1,1
BRDA:20,2,0,0
BRDA:20,2,1,1
BRF:6
BRH:3
end_of_record
TN:
SF:src/modules/file/index.ts
FN:10,(anonymous_14)
FN:41,(anonymous_15)
FN:43,(anonymous_16)
FN:66,(anonymous_17)
FN:74,(anonymous_18)
FN:97,(anonymous_19)
FN:97,(anonymous_20)
FN:114,(anonymous_21)
FN:114,(anonymous_22)
FN:123,(anonymous_23)
FN:123,(anonymous_24)
FN:126,(anonymous_25)
FN:134,(anonymous_26)
FN:140,(anonymous_27)
FN:144,(anonymous_28)
FN:158,(anonymous_29)
FN:173,(anonymous_30)
FNF:17
FNH:9
FNDA:2,(anonymous_14)
FNDA:4,(anonymous_15)
FNDA:4,(anonymous_16)
FNDA:4,(anonymous_17)
FNDA:5,(anonymous_18)
FNDA:0,(anonymous_19)
FNDA:0,(anonymous_20)
FNDA:0,(anonymous_21)
FNDA:0,(anonymous_22)
FNDA:4,(anonymous_23)
FNDA:4,(anonymous_24)
FNDA:2,(anonymous_25)
FNDA:2,(anonymous_26)
FNDA:0,(anonymous_27)
FNDA:0,(anonymous_28)
FNDA:0,(anonymous_29)
FNDA:0,(anonymous_30)
DA:1,2
DA:2,2
DA:4,2
DA:5,2
DA:6,2
DA:10,2
DA:11,2
DA:12,2
DA:13,0
DA:15,2
DA:17,2
DA:18,2
DA:20,2
DA:22,2
DA:24,2
DA:25,2
DA:28,2
DA:29,2
DA:31,2
DA:37,0
DA:41,2
DA:43,4
DA:44,4
DA:45,4
DA:46,0
DA:49,4
DA:50,4
DA:51,4
DA:53,4
DA:55,0
DA:66,2
DA:67,4
DA:68,0
DA:70,4
DA:71,4
DA:74,2
DA:80,5
DA:81,0
DA:84,5
DA:86,5
DA:87,0
DA:89,5
DA:93,4
DA:94,4
DA:97,2
DA:98,0
DA:101,0
DA:105,0
DA:108,0
DA:110,0
DA:114,2
DA:115,0
DA:116,0
DA:119,0
DA:120,0
DA:123,4
DA:124,4
DA:125,4
DA:126,4
DA:127,2
DA:130,0
DA:134,2
DA:135,2
DA:136,2
DA:137,2
DA:140,2
DA:141,0
DA:144,2
DA:145,0
DA:146,0
DA:152,0
DA:153,0
DA:158,0
DA:159,0
DA:160,0
DA:167,0
DA:168,0
DA:173,0
DA:174,0
DA:175,0
DA:180,0
DA:182,0
DA:185,0
DA:187,2
LF:84
LH:51
BRDA:12,0,0,0
BRDA:12,0,1,2
BRDA:24,1,0,2
BRDA:24,1,1,0
BRDA:45,2,0,0
BRDA:45,2,1,4
BRDA:67,3,0,0
BRDA:67,3,1,4
BRDA:80,4,0,0
BRDA:80,4,1,5
BRDA:86,5,0,0
BRDA:86,5,1,5
BRDA:115,6,0,0
BRDA:115,6,1,0
BRDA:137,7,0,2
BRDA:137,7,1,2
BRDA:145,8,0,0
BRDA:145,8,1,0
BRDA:152,9,0,0
BRDA:152,9,1,0
BRDA:159,10,0,0
BRDA:159,10,1,0
BRDA:167,11,0,0
BRDA:167,11,1,0
BRDA:174,12,0,0
BRDA:174,12,1,0
BRF:26
BRH:8
end_of_record
TN:
SF:src/modules/folder/constants.ts
FNF:0
FNH:0
DA:1,0
LF:1
LH:0
BRF:0
BRH:0
end_of_record
TN:
SF:src/modules/folder/index.ts
FN:14,(anonymous_13)
FN:18,(anonymous_14)
FN:27,(anonymous_15)
FN:37,(anonymous_16)
FN:44,(anonymous_17)
FN:44,(anonymous_18)
FN:54,(anonymous_19)
FN:62,(anonymous_20)
FN:65,(anonymous_21)
FN:90,(anonymous_22)
FN:111,(anonymous_23)
FNF:11
FNH:3
FNDA:0,(anonymous_13)
FNDA:0,(anonymous_14)
FNDA:8,(anonymous_15)
FNDA:0,(anonymous_16)
FNDA:0,(anonymous_17)
FNDA:0,(anonymous_18)
FNDA:0,(anonymous_19)
FNDA:0,(anonymous_20)
FNDA:0,(anonymous_21)
FNDA:7,(anonymous_22)
FNDA:6,(anonymous_23)
DA:1,3
DA:2,3
DA:3,3
DA:6,3
DA:7,3
DA:14,3
DA:15,0
DA:16,0
DA:18,0
DA:19,0
DA:20,0
DA:22,0
DA:27,3
DA:28,8
DA:29,8
DA:30,8
DA:32,0
DA:33,0
DA:37,3
DA:38,0
DA:44,3
DA:45,0
DA:46,0
DA:47,0
DA:48,0
DA:52,0
DA:53,0
DA:55,0
DA:56,0
DA:62,0
DA:65,3
DA:66,0
DA:67,0
DA:68,0
DA:73,0
DA:79,0
DA:84,0
DA:85,0
DA:90,3
DA:92,7
DA:93,7
DA:95,7
DA:96,7
DA:97,4
DA:98,4
DA:100,4
DA:102,0
DA:104,3
DA:106,0
DA:107,0
DA:111,3
DA:112,6
DA:113,6
DA:114,6
DA:116,0
DA:117,0
DA:120,0
DA:124,3
LF:58
LH:27
BRDA:6,0,0,3
BRDA:6,0,1,3
BRDA:15,1,0,0
BRDA:15,1,1,0
BRDA:19,2,0,0
BRDA:19,2,1,0
BRDA:30,3,0,8
BRDA:30,3,1,5
BRDA:46,4,0,0
BRDA:46,4,1,0
BRDA:47,5,0,0
BRDA:47,5,1,0
BRDA:73,6,0,0
BRDA:73,6,1,0
BRDA:80,7,0,0
BRDA:80,7,1,0
BRDA:80,7,2,0
BRDA:80,7,3,0
BRDA:84,8,0,0
BRDA:84,8,1,0
BRDA:96,9,0,4
BRDA:96,9,1,3
BRDA:97,10,0,4
BRDA:97,10,1,0
BRDA:116,11,0,0
BRDA:116,11,1,0
BRF:26
BRH:7
end_of_record
TN:
SF:src/modules/metadata/defaultStandard.ts
FNF:0
FNH:0
DA:1,1
LF:1
LH:1
BRF:0
BRH:0
end_of_record
TN:
SF:src/modules/metadata/index.ts
FN:8,(anonymous_8)
FN:12,(anonymous_9)
FN:12,(anonymous_10)
FN:58,(anonymous_11)
FN:58,(anonymous_12)
FN:78,(anonymous_13)
FN:99,(anonymous_14)
FN:99,(anonymous_15)
FN:115,(anonymous_16)
FN:115,(anonymous_17)
FN:141,(anonymous_18)
FN:141,(anonymous_19)
FN:149,(anonymous_20)
FNF:13
FNH:12
FNDA:5,(anonymous_8)
FNDA:1,(anonymous_9)
FNDA:1,(anonymous_10)
FNDA:1,(anonymous_11)
FNDA:1,(anonymous_12)
FNDA:0,(anonymous_13)
FNDA:1,(anonymous_14)
FNDA:1,(anonymous_15)
FNDA:4,(anonymous_16)
FNDA:4,(anonymous_17)
FNDA:1,(anonymous_18)
FNDA:1,(anonymous_19)
FNDA:1,(anonymous_20)
DA:1,2
DA:2,2
DA:3,2
DA:4,2
DA:5,2
DA:6,2
DA:8,2
DA:9,5
DA:12,2
DA:13,1
DA:15,1
DA:16,1
DA:18,1
DA:31,1
DA:33,1
DA:38,1
DA:42,1
DA:58,2
DA:59,1
DA:60,1
DA:61,1
DA:64,1
DA:65,1
DA:77,1
DA:78,0
DA:80,1
DA:81,1
DA:82,1
DA:88,1
DA:99,2
DA:100,1
DA:102,1
DA:106,1
DA:115,4
DA:116,4
DA:117,0
DA:118,0
DA:121,4
DA:122,0
DA:123,0
DA:127,0
DA:132,0
DA:133,0
DA:137,4
DA:141,2
DA:142,1
DA:144,1
DA:148,1
DA:149,1
DA:152,1
DA:157,1
DA:160,2
LF:52
LH:44
BRDA:25,0,0,1
BRDA:25,0,1,0
BRDA:25,1,0,1
BRDA:25,1,1,1
BRDA:80,2,0,1
BRDA:80,2,1,0
BRDA:100,3,0,1
BRDA:100,3,1,0
BRDA:100,4,0,1
BRDA:100,4,1,1
BRDA:116,5,0,0
BRDA:116,5,1,4
BRDA:122,6,0,0
BRDA:122,6,1,0
BRF:14
BRH:8
end_of_record
TN:
SF:src/modules/project/index.ts
FN:9,(anonymous_14)
FN:11,(anonymous_15)
FN:36,(anonymous_16)
FN:37,(anonymous_17)
FN:59,(anonymous_18)
FN:61,(anonymous_19)
FNF:6
FNH:6
FNDA:5,(anonymous_14)
FNDA:5,(anonymous_15)
FNDA:4,(anonymous_16)
FNDA:2,(anonymous_17)
FNDA:1,(anonymous_18)
FNDA:1,(anonymous_19)
DA:1,2
DA:2,2
DA:3,2
DA:4,2
DA:5,2
DA:7,2
DA:9,2
DA:11,5
DA:12,5
DA:13,0
DA:20,5
DA:21,5
DA:23,4
DA:25,4
DA:26,0
DA:32,4
DA:37,4
DA:38,2
DA:39,2
DA:43,4
DA:44,4
DA:50,4
DA:52,1
DA:59,2
DA:61,1
DA:62,1
DA:63,1
DA:64,1
DA:65,0
DA:67,1
DA:69,1
DA:70,1
DA:71,0
DA:73,1
DA:75,1
DA:76,1
DA:77,0
DA:80,1
DA:85,1
DA:91,1
DA:93,1
DA:95,0
DA:101,0
DA:107,2
LF:44
LH:37
BRDA:12,0,0,0
BRDA:12,0,1,5
BRDA:25,1,0,0
BRDA:25,1,1,4
BRDA:25,2,0,4
BRDA:25,2,1,4
BRDA:62,3,0,1
BRDA:62,3,1,0
BRDA:64,4,0,0
BRDA:64,4,1,1
BRDA:70,5,0,0
BRDA:70,5,1,1
BRDA:76,6,0,0
BRDA:76,6,1,1
BRF:14
BRH:8
end_of_record
TN:
SF:src/typings/schema.d.ts
FNF:0
FNH:0
LF:0
LH:0
BRF:0
BRH:0
end_of_record
TN:
SF:src/utils/constants.ts
FN:3,(anonymous_6)
FNF:1
FNH:1
FNDA:14,(anonymous_6)
DA:1,3
DA:3,14
DA:5,3
DA:6,3
DA:7,3
LF:5
LH:5
BRF:0
BRH:0
end_of_record
